#
# A fatal error has been detected by the Java Runtime Environment:
#
#  SIGSEGV (0xb) at pc=0x0000000106a34c28, pid=39396, tid=0x0000000000001003
#
# JRE version: Java(TM) SE Runtime Environment (8.0_121-b13) (build 1.8.0_121-b13)
# Java VM: Java HotSpot(TM) 64-Bit Server VM (25.121-b13 mixed mode bsd-amd64 compressed oops)
# Problematic frame:
# V  [libjvm.dylib+0x47fc28]
#
# Failed to write core dump. Core dumps have been disabled. To enable core dumping, try "ulimit -c unlimited" before starting Java again
#
# If you would like to submit a bug report, please visit:
#   http://bugreport.java.com/bugreport/crash.jsp
#

---------------  T H R E A D  ---------------

Current thread (0x00007fad2c127000):  JavaThread "DestroyJavaVM" [_thread_in_Java, id=4099, stack(0x000070000b168000,0x000070000b268000)]

siginfo: si_signo: 11 (SIGSEGV), si_code: 1 (SEGV_MAPERR), si_addr: 0x0000000000000000

Registers:
RAX=0x000000000000001a, RBX=0x000070000b266a00, RCX=0x0000000000000000, RDX=0x00007fad2a216610
RSP=0x000070000b2660a0, RBP=0x000070000b2660a0, RSI=0x00000000000008b4, RDI=0x00007fad2a216600
R8 =0x0000000000000000, R9 =0x0000000106b9a6f6, R10=0x0000000000000010, R11=0x00000fad215a78e9
R12=0x000070000b266a00, R13=0x000070000b2662d0, R14=0x000070000b2662d0, R15=0x000000000000000a
RIP=0x0000000106a34c28, EFLAGS=0x0000000000010293, ERR=0x0000000000000004
  TRAPNO=0x000000000000000e

Top of Stack: (sp=0x000070000b2660a0)
0x000070000b2660a0:   000070000b266120 0000000106a35504
0x000070000b2660b0:   00007fad29f04460 000070000b266a00
0x000070000b2660c0:   000070000b2661a0 00000001067a79ab
0x000070000b2660d0:   000070000b266470 0000600003b49530
0x000070000b2660e0:   00007fad2c473800 00007fad2c474510
0x000070000b2660f0:   00007fad2c47b7e8 00000000000083b0
0x000070000b266100:   000070000b266270 000070000b266a00
0x000070000b266110:   000070000b267100 000000000000000a
0x000070000b266120:   000070000b266170 0000000106800cfc
0x000070000b266130:   0000000105641400 000000010c63b7a7
0x000070000b266140:   000070000b267140 000070000b266270
0x000070000b266150:   000070000b266270 000000010cb44310
0x000070000b266160:   000070000b266a00 000070000b2662d0
0x000070000b266170:   000070000b2661a0 0000000106800f2e
0x000070000b266180:   0000000000000000 00007fad2c127000
0x000070000b266190:   00007fad29f04460 000070000b266a00
0x000070000b2661a0:   000070000b2662c0 00000001067a5ab2
0x000070000b2661b0:   000070000b266a00 000070000b266a00
0x000070000b2661c0:   000070000b266240 0000000000000000
0x000070000b2661d0:   00007fad2c473e00 0000000000000001
0x000070000b2661e0:   000070000b266230 0000000106850445
0x000070000b2661f0:   00007fad2c473e70 000070000b266fe8
0x000070000b266200:   000070000b266220 0000000106a87dec
0x000070000b266210:   000070000b266240 00007fad2c4744f0
0x000070000b266220:   00007fad2c473e00 0000000000000001
0x000070000b266230:   000070000b266250 0000000106b5ef29
0x000070000b266240:   00007fad2c473e00 00007fad2c4744f0
0x000070000b266250:   000070000b2662c0 0000000106b60b19
0x000070000b266260:   000070000b2662c0 00007fad2c473ed0
0x000070000b266270:   000070000b267100 000000010cb44514
0x000070000b266280:   000000010cb43a50 00007fad00000000
0x000070000b266290:   000000076eb08010 00007fad29f04460 

Instructions: (pc=0x0000000106a34c28)
0x0000000106a34c08:   27 83 e6 f8 01 f0 48 83 c2 08 48 ff c9 75 d4 5d
0x0000000106a34c18:   c3 90 55 48 89 e5 8b 07 31 c9 eb 0c 4c 8b 04 ca
0x0000000106a34c28:   41 39 30 7d 0b 48 ff c1 39 c1 48 8b 57 08 7c ec
0x0000000106a34c38:   48 8b 04 ca 5d c3 55 48 89 e5 48 8b 07 5d c3 90 

Register to memory mapping:

RAX=0x000000000000001a is an unknown value
RBX=0x000070000b266a00 is pointing into the stack for thread: 0x00007fad2c127000
RCX=0x0000000000000000 is an unknown value
RDX=0x00007fad2a216610 is an unknown value
RSP=0x000070000b2660a0 is pointing into the stack for thread: 0x00007fad2c127000
RBP=0x000070000b2660a0 is pointing into the stack for thread: 0x00007fad2c127000
RSI=0x00000000000008b4 is an unknown value
RDI=0x00007fad2a216600 is an unknown value
R8 =0x0000000000000000 is an unknown value
R9 =0x0000000106b9a6f6: <offset 0x5e56f6> in /Library/Java/JavaVirtualMachines/jdk1.8.0_121.jdk/Contents/Home/jre/lib/server/libjvm.dylib at 0x00000001065b5000
R10=0x0000000000000010 is an unknown value
R11=0x00000fad215a78e9 is an unknown value
R12=0x000070000b266a00 is pointing into the stack for thread: 0x00007fad2c127000
R13=0x000070000b2662d0 is pointing into the stack for thread: 0x00007fad2c127000
R14=0x000070000b2662d0 is pointing into the stack for thread: 0x00007fad2c127000
R15=0x000000000000000a is an unknown value


Stack: [0x000070000b168000,0x000070000b268000],  sp=0x000070000b2660a0,  free space=1016k
Native frames: (J=compiled Java code, j=interpreted, Vv=VM code, C=native code)
V  [libjvm.dylib+0x47fc28]
V  [libjvm.dylib+0x480504]
V  [libjvm.dylib+0x24bcfc]
V  [libjvm.dylib+0x24bf2e]
V  [libjvm.dylib+0x1f0ab2]
V  [libjvm.dylib+0x1f17a5]
v  blob 0x000000010c6401b9
C  0xedd60b7df80002da

Java frames: (J=compiled Java code, j=interpreted, Vv=VM code)
v  blob 0x000000010c6401b9
J 1342 C2 java.lang.String.getBytes(Ljava/lang/String;)[B (27 bytes) @ 0x000000010cb44514 [0x000000010cb43c60+0x8b4]

[error occurred during error reporting (printing Java stack), id 0xb]


---------------  P R O C E S S  ---------------

Java Threads: ( => current thread )
=>0x00007fad2c127000 JavaThread "DestroyJavaVM" [_thread_in_Java, id=4099, stack(0x000070000b168000,0x000070000b268000)]
  0x00007fad2d819000 JavaThread "Attach Listener" daemon [_thread_blocked, id=43011, stack(0x000070000c8b0000,0x000070000c9b0000)]
  0x00007fad2b0cc800 JavaThread "Service Thread" daemon [_thread_blocked, id=21763, stack(0x000070000c6aa000,0x000070000c7aa000)]
  0x00007fad3080a800 JavaThread "C1 CompilerThread3" daemon [_thread_blocked, id=16899, stack(0x000070000c5a7000,0x000070000c6a7000)]
  0x00007fad2b826000 JavaThread "C2 CompilerThread2" daemon [_thread_blocked, id=16131, stack(0x000070000c4a4000,0x000070000c5a4000)]
  0x00007fad2d813000 JavaThread "C2 CompilerThread1" daemon [_thread_blocked, id=15619, stack(0x000070000c3a1000,0x000070000c4a1000)]
  0x00007fad2b825800 JavaThread "C2 CompilerThread0" daemon [_thread_blocked, id=15363, stack(0x000070000c29e000,0x000070000c39e000)]
  0x00007fad2b817000 JavaThread "Monitor Ctrl-Break" daemon [_thread_in_native, id=17667, stack(0x000070000c19b000,0x000070000c29b000)]
  0x00007fad2b00c000 JavaThread "Signal Dispatcher" daemon [_thread_blocked, id=14851, stack(0x000070000c098000,0x000070000c198000)]
  0x00007fad2d03d000 JavaThread "Finalizer" daemon [_thread_blocked, id=19715, stack(0x000070000be8f000,0x000070000bf8f000)]
  0x00007fad2d03a800 JavaThread "Reference Handler" daemon [_thread_blocked, id=13059, stack(0x000070000bd8c000,0x000070000be8c000)]

Other Threads:
  0x00007fad2d035800 VMThread [stack: 0x000070000bc89000,0x000070000bd89000] [id=12547]
  0x00007fad2b0cd800 WatcherThread [stack: 0x000070000c7ad000,0x000070000c8ad000] [id=22275]

VM state:not at safepoint (normal execution)

VM Mutex/Monitor currently owned by a thread: None

Heap:
 PSYoungGen      total 76288K, used 56500K [0x000000076ab00000, 0x0000000774000000, 0x00000007c0000000)
  eden space 65536K, 69% used [0x000000076ab00000,0x000000076d7ae6a8,0x000000076eb00000)
  from space 10752K, 99% used [0x000000076eb00000,0x000000076f57eba8,0x000000076f580000)
  to   space 10752K, 0% used [0x0000000773580000,0x0000000773580000,0x0000000774000000)
 ParOldGen       total 175104K, used 27058K [0x00000006c0000000, 0x00000006cab00000, 0x000000076ab00000)
  object space 175104K, 15% used [0x00000006c0000000,0x00000006c1a6c988,0x00000006cab00000)
 Metaspace       used 11023K, capacity 11204K, committed 11392K, reserved 1058816K
  class space    used 1296K, capacity 1336K, committed 1408K, reserved 1048576K

Card table byte_map: [0x0000000105af1000,0x00000001062f2000] byte_map_base: 0x00000001024f1000

Marking Bits: (ParMarkBitMap*) 0x0000000106ea5d30
 Begin Bits: [0x000000011b63b000, 0x000000011f63b000)
 End Bits:   [0x000000011f63b000, 0x000000012363b000)

Polling page: 0x0000000105649000

CodeCache: size=245760Kb used=5492Kb max_used=5494Kb free=240267Kb
 bounds [0x000000010c63b000, 0x000000010cbab000, 0x000000011b63b000]
 total_blobs=1836 nmethods=1465 adapters=284
 compilation: enabled

Compilation events (10 events):
Event: 5.118 Thread 0x00007fad3080a800 1462       3       com.github.unidbg.linux.android.dvm.Hashable::hashCode (5 bytes)
Event: 5.118 Thread 0x00007fad3080a800 nmethod 1462 0x000000010cb95710 code [0x000000010cb95880, 0x000000010cb95a08]
Event: 5.127 Thread 0x00007fad3080a800 1463       3       com.github.unidbg.linux.android.dvm.VarArg::getIntArg (17 bytes)
Event: 5.127 Thread 0x00007fad3080a800 nmethod 1463 0x000000010cb98090 code [0x000000010cb98200, 0x000000010cb985a8]
Event: 5.152 Thread 0x00007fad2d813000 1464       4       java.util.regex.Pattern$BitClass::isSatisfiedBy (22 bytes)
Event: 5.153 Thread 0x00007fad2d813000 nmethod 1464 0x000000010cb95450 code [0x000000010cb955a0, 0x000000010cb95658]
Event: 5.449 Thread 0x00007fad3080a800 1465       3       com.github.unidbg.linux.android.dvm.Hashable::<init> (5 bytes)
Event: 5.449 Thread 0x00007fad3080a800 nmethod 1465 0x000000010cb97cd0 code [0x000000010cb97e40, 0x000000010cb97ff0]
Event: 5.663 Thread 0x00007fad3080a800 1466       3       com.github.unidbg.linux.android.dvm.BaseVM::resolveClass (137 bytes)
Event: 5.664 Thread 0x00007fad3080a800 nmethod 1466 0x000000010cb9d3d0 code [0x000000010cb9d680, 0x000000010cb9ecb8]

GC Heap History (2 events):
Event: 1.735 GC heap before
{Heap before GC invocations=1 (full 0):
 PSYoungGen      total 76288K, used 65536K [0x000000076ab00000, 0x0000000770000000, 0x00000007c0000000)
  eden space 65536K, 100% used [0x000000076ab00000,0x000000076eb00000,0x000000076eb00000)
  from space 10752K, 0% used [0x000000076f580000,0x000000076f580000,0x0000000770000000)
  to   space 10752K, 0% used [0x000000076eb00000,0x000000076eb00000,0x000000076f580000)
 ParOldGen       total 175104K, used 0K [0x00000006c0000000, 0x00000006cab00000, 0x000000076ab00000)
  object space 175104K, 0% used [0x00000006c0000000,0x00000006c0000000,0x00000006cab00000)
 Metaspace       used 8936K, capacity 9114K, committed 9344K, reserved 1056768K
  class space    used 1077K, capacity 1137K, committed 1152K, reserved 1048576K
Event: 1.788 GC heap after
Heap after GC invocations=1 (full 0):
 PSYoungGen      total 76288K, used 10746K [0x000000076ab00000, 0x0000000774000000, 0x00000007c0000000)
  eden space 65536K, 0% used [0x000000076ab00000,0x000000076ab00000,0x000000076eb00000)
  from space 10752K, 99% used [0x000000076eb00000,0x000000076f57eba8,0x000000076f580000)
  to   space 10752K, 0% used [0x0000000773580000,0x0000000773580000,0x0000000774000000)
 ParOldGen       total 175104K, used 27058K [0x00000006c0000000, 0x00000006cab00000, 0x000000076ab00000)
  object space 175104K, 15% used [0x00000006c0000000,0x00000006c1a6c988,0x00000006cab00000)
 Metaspace       used 8936K, capacity 9114K, committed 9344K, reserved 1056768K
  class space    used 1077K, capacity 1137K, committed 1152K, reserved 1048576K
}

Deoptimization events (10 events):
Event: 3.226 Thread 0x00007fad2d008800 Uncommon trap: reason=unstable_if action=reinterpret pc=0x000000010c8ac3cc method=java.nio.Bits.getInt(Ljava/nio/ByteBuffer;IZ)I @ 1
Event: 3.976 Thread 0x00007fad2d008800 Uncommon trap: reason=class_check action=maybe_recompile pc=0x000000010ca7bf1c method=java.util.regex.Pattern$BmpCharProperty.match(Ljava/util/regex/Matcher;ILjava/lang/CharSequence;)Z @ 31
Event: 3.976 Thread 0x00007fad2d008800 Uncommon trap: reason=class_check action=maybe_recompile pc=0x000000010ca7bf1c method=java.util.regex.Pattern$BmpCharProperty.match(Ljava/util/regex/Matcher;ILjava/lang/CharSequence;)Z @ 31
Event: 3.976 Thread 0x00007fad2d008800 Uncommon trap: reason=class_check action=maybe_recompile pc=0x000000010ca7bf1c method=java.util.regex.Pattern$BmpCharProperty.match(Ljava/util/regex/Matcher;ILjava/lang/CharSequence;)Z @ 31
Event: 3.976 Thread 0x00007fad2d008800 Uncommon trap: reason=class_check action=maybe_recompile pc=0x000000010ca7bf1c method=java.util.regex.Pattern$BmpCharProperty.match(Ljava/util/regex/Matcher;ILjava/lang/CharSequence;)Z @ 31
Event: 4.196 Thread 0x00007fad2d008800 Uncommon trap: reason=class_check action=maybe_recompile pc=0x000000010ca69094 method=java.util.regex.Matcher.search(I)Z @ 86
Event: 4.198 Thread 0x00007fad2d008800 Uncommon trap: reason=unstable_if action=reinterpret pc=0x000000010c9d19a4 method=com.github.unidbg.pointer.UnidbgPointer.write(J[BII)V @ 46
Event: 4.235 Thread 0x00007fad2d008800 Uncommon trap: reason=unstable_if action=reinterpret pc=0x000000010c853978 method=java.lang.String.indexOf([CII[CIII)I @ 27
Event: 4.325 Thread 0x00007fad2d008800 Uncommon trap: reason=class_check action=maybe_recompile pc=0x000000010ca69094 method=java.util.regex.Matcher.search(I)Z @ 86
Event: 5.685 Thread 0x00007fad2c127000 Uncommon trap: reason=null_check action=make_not_entrant pc=0x000000010cb44514 method=java.lang.StringCoding.encode(Ljava/lang/String;[CII)[B @ 6

Internal exceptions (10 events):
Event: 0.170 Thread 0x00007fad2d008800 Exception <a 'java/lang/ClassNotFoundException': java/lang/ObjectBeanInfo> (0x000000076b517690) thrown at [/Users/java_re/workspace/8-2-build-macosx-x86_64/jdk8u121/8372/hotspot/src/share/vm/classfile/systemDictionary.cpp, line 210]
Event: 0.170 Thread 0x00007fad2d008800 Exception <a 'java/lang/ClassNotFoundException': java/lang/ObjectCustomizer> (0x000000076b5221d8) thrown at [/Users/java_re/workspace/8-2-build-macosx-x86_64/jdk8u121/8372/hotspot/src/share/vm/classfile/systemDictionary.cpp, line 210]
Event: 0.172 Thread 0x00007fad2d008800 Exception <a 'java/lang/ArrayIndexOutOfBoundsException': 18> (0x000000076b5328f0) thrown at [/Users/java_re/workspace/8-2-build-macosx-x86_64/jdk8u121/8372/hotspot/src/share/vm/interpreter/interpreterRuntime.cpp, line 366]
Event: 0.173 Thread 0x00007fad2d008800 Exception <a 'java/lang/ArrayIndexOutOfBoundsException': 22> (0x000000076b53a5a8) thrown at [/Users/java_re/workspace/8-2-build-macosx-x86_64/jdk8u121/8372/hotspot/src/share/vm/interpreter/interpreterRuntime.cpp, line 366]
Event: 0.174 Thread 0x00007fad2d008800 Exception <a 'java/lang/ArrayIndexOutOfBoundsException': 160> (0x000000076b541b30) thrown at [/Users/java_re/workspace/8-2-build-macosx-x86_64/jdk8u121/8372/hotspot/src/share/vm/interpreter/interpreterRuntime.cpp, line 366]
Event: 0.176 Thread 0x00007fad2d008800 Exception <a 'java/lang/ClassNotFoundException': org/apache/log4j/LayoutCustomizer> (0x000000076b56e170) thrown at [/Users/java_re/workspace/8-2-build-macosx-x86_64/jdk8u121/8372/hotspot/src/share/vm/classfile/systemDictionary.cpp, line 210]
Event: 0.178 Thread 0x00007fad2d008800 Exception <a 'java/lang/ClassNotFoundException': org/apache/log4j/PatternLayoutCustomizer> (0x000000076b59edb8) thrown at [/Users/java_re/workspace/8-2-build-macosx-x86_64/jdk8u121/8372/hotspot/src/share/vm/classfile/systemDictionary.cpp, line 210]
Event: 0.199 Thread 0x00007fad2d008800 Implicit null exception at 0x000000010c7c85b4 to 0x000000010c7c89c9
Event: 2.573 Thread 0x00007fad2d008800 Exception <a 'unicorn/UnicornException': Invalid memory read (UC_ERR_READ_UNMAPPED)> (0x000000076c3aa740) thrown at [/Users/java_re/workspace/8-2-build-macosx-x86_64/jdk8u121/8372/hotspot/src/share/vm/prims/jni.cpp, line 735]
Event: 5.685 Thread 0x00007fad2c127000 Implicit null exception at 0x000000010cb43d18 to 0x000000010cb444fd

Events (10 events):
Event: 5.685 loading class java/util/IdentityHashMap$KeySet
Event: 5.685 loading class java/util/IdentityHashMap$KeySet done
Event: 5.685 loading class java/util/IdentityHashMap$KeyIterator
Event: 5.685 loading class java/util/IdentityHashMap$IdentityHashMapIterator
Event: 5.685 loading class java/util/IdentityHashMap$IdentityHashMapIterator done
Event: 5.685 loading class java/util/IdentityHashMap$KeyIterator done
Event: 5.685 Thread 0x00007fad2c128000 Thread added: 0x00007fad2c128000
Event: 5.685 Thread 0x00007fad2c128000 Thread exited: 0x00007fad2c128000
Event: 5.685 Thread 0x00007fad2c127000 Uncommon trap: trap_request=0xfffffff4 fr.pc=0x000000010cb44514
Event: 5.685 Thread 0x00007fad2c127000 DEOPT PACKING pc=0x000000010cb44514 sp=0x000070000b267100


Dynamic libraries:
0x000000001642f000 	/System/Library/Frameworks/Cocoa.framework/Versions/A/Cocoa
0x000000001642f000 	/System/Library/Frameworks/AppKit.framework/Versions/C/AppKit
0x000000001642f000 	/System/Library/Frameworks/CoreData.framework/Versions/A/CoreData
0x000000001642f000 	/System/Library/Frameworks/Foundation.framework/Versions/C/Foundation
0x000000001642f000 	/usr/lib/libSystem.B.dylib
0x000000001642f000 	/System/Library/PrivateFrameworks/UIFoundation.framework/Versions/A/UIFoundation
0x000000001642f000 	/System/Library/PrivateFrameworks/RemoteViewServices.framework/Versions/A/RemoteViewServices
0x000000001642f000 	/System/Library/PrivateFrameworks/XCTTargetBootstrap.framework/Versions/A/XCTTargetBootstrap
0x000000001642f000 	/System/Library/PrivateFrameworks/InternationalSupport.framework/Versions/A/InternationalSupport
0x000000001642f000 	/System/Library/PrivateFrameworks/UserActivity.framework/Versions/A/UserActivity
0x000000001642f000 	/usr/lib/libspindump.dylib
0x000000001642f000 	/System/Library/Frameworks/UniformTypeIdentifiers.framework/Versions/A/UniformTypeIdentifiers
0x000000001642f000 	/usr/lib/libapp_launch_measurement.dylib
0x000000001642f000 	/System/Library/PrivateFrameworks/CoreAnalytics.framework/Versions/A/CoreAnalytics
0x000000001642f000 	/System/Library/PrivateFrameworks/CoreAutoLayout.framework/Versions/A/CoreAutoLayout
0x000000001642f000 	/System/Library/Frameworks/Metal.framework/Versions/A/Metal
0x000000001642f000 	/usr/lib/liblangid.dylib
0x000000001642f000 	/System/Library/PrivateFrameworks/CoreSVG.framework/Versions/A/CoreSVG
0x000000001642f000 	/System/Library/PrivateFrameworks/SkyLight.framework/Versions/A/SkyLight
0x000000001642f000 	/System/Library/Frameworks/CoreGraphics.framework/Versions/A/CoreGraphics
0x000000001642f000 	/System/Library/Frameworks/Accelerate.framework/Versions/A/Accelerate
0x000000001642f000 	/System/Library/PrivateFrameworks/IconServices.framework/Versions/A/IconServices
0x000000001642f000 	/System/Library/Frameworks/IOSurface.framework/Versions/A/IOSurface
0x000000001642f000 	/usr/lib/libDiagnosticMessagesClient.dylib
0x000000001642f000 	/usr/lib/libz.1.dylib
0x000000001642f000 	/System/Library/Frameworks/ApplicationServices.framework/Versions/A/ApplicationServices
0x000000001642f000 	/System/Library/PrivateFrameworks/DFRFoundation.framework/Versions/A/DFRFoundation
0x000000001642f000 	/usr/lib/libicucore.A.dylib
0x000000001642f000 	/System/Library/Frameworks/AudioToolbox.framework/Versions/A/AudioToolbox
0x000000001642f000 	/System/Library/PrivateFrameworks/DataDetectorsCore.framework/Versions/A/DataDetectorsCore
0x000000001642f000 	/System/Library/PrivateFrameworks/TextInput.framework/Versions/A/TextInput
0x000000001642f000 	/usr/lib/libMobileGestalt.dylib
0x000000001642f000 	/System/Library/Frameworks/Carbon.framework/Versions/A/Frameworks/HIToolbox.framework/Versions/A/HIToolbox
0x000000001642f000 	/System/Library/Frameworks/QuartzCore.framework/Versions/A/QuartzCore
0x000000001642f000 	/System/Library/Frameworks/Security.framework/Versions/A/Security
0x000000001642f000 	/System/Library/Frameworks/Carbon.framework/Versions/A/Frameworks/SpeechRecognition.framework/Versions/A/SpeechRecognition
0x000000001642f000 	/System/Library/PrivateFrameworks/CoreUI.framework/Versions/A/CoreUI
0x000000001642f000 	/System/Library/Frameworks/CoreAudio.framework/Versions/A/CoreAudio
0x000000001642f000 	/System/Library/Frameworks/DiskArbitration.framework/Versions/A/DiskArbitration
0x000000001642f000 	/System/Library/PrivateFrameworks/MultitouchSupport.framework/Versions/A/MultitouchSupport
0x000000001642f000 	/usr/lib/libenergytrace.dylib
0x000000001642f000 	/System/Library/Frameworks/IOKit.framework/Versions/A/IOKit
0x000000001642f000 	/System/Library/Frameworks/CoreServices.framework/Versions/A/CoreServices
0x000000001642f000 	/System/Library/PrivateFrameworks/PerformanceAnalysis.framework/Versions/A/PerformanceAnalysis
0x000000001642f000 	/System/Library/Frameworks/OpenGL.framework/Versions/A/OpenGL
0x000000001642f000 	/System/Library/PrivateFrameworks/MobileKeyBag.framework/Versions/A/MobileKeyBag
0x000000001642f000 	/usr/lib/libobjc.A.dylib
0x000000001642f000 	/System/Library/Frameworks/ColorSync.framework/Versions/A/ColorSync
0x000000001642f000 	/System/Library/Frameworks/CoreFoundation.framework/Versions/A/CoreFoundation
0x000000001642f000 	/System/Library/Frameworks/CoreImage.framework/Versions/A/CoreImage
0x000000001642f000 	/System/Library/Frameworks/CoreText.framework/Versions/A/CoreText
0x000000001642f000 	/System/Library/Frameworks/ImageIO.framework/Versions/A/ImageIO
0x000000001642f000 	/System/Library/PrivateFrameworks/SoftLinking.framework/Versions/A/SoftLinking
0x000000001642f000 	/usr/lib/libxml2.2.dylib
0x000000001642f000 	/usr/lib/libc++.1.dylib
0x000000001642f000 	/usr/lib/libcompression.dylib
0x000000001642f000 	/System/Library/PrivateFrameworks/TextureIO.framework/Versions/A/TextureIO
0x000000001642f000 	/usr/lib/libate.dylib
0x000000001642f000 	/usr/lib/system/libcache.dylib
0x000000001642f000 	/usr/lib/system/libcommonCrypto.dylib
0x000000001642f000 	/usr/lib/system/libcompiler_rt.dylib
0x000000001642f000 	/usr/lib/system/libcopyfile.dylib
0x000000001642f000 	/usr/lib/system/libcorecrypto.dylib
0x000000001642f000 	/usr/lib/system/libdispatch.dylib
0x000000001642f000 	/usr/lib/system/libdyld.dylib
0x000000001642f000 	/usr/lib/system/libkeymgr.dylib
0x000000001642f000 	/usr/lib/system/libmacho.dylib
0x000000001642f000 	/usr/lib/system/libquarantine.dylib
0x000000001642f000 	/usr/lib/system/libremovefile.dylib
0x000000001642f000 	/usr/lib/system/libsystem_asl.dylib
0x000000001642f000 	/usr/lib/system/libsystem_blocks.dylib
0x000000001642f000 	/usr/lib/system/libsystem_c.dylib
0x000000001642f000 	/usr/lib/system/libsystem_collections.dylib
0x000000001642f000 	/usr/lib/system/libsystem_configuration.dylib
0x000000001642f000 	/usr/lib/system/libsystem_containermanager.dylib
0x000000001642f000 	/usr/lib/system/libsystem_coreservices.dylib
0x000000001642f000 	/usr/lib/system/libsystem_darwin.dylib
0x000000001642f000 	/usr/lib/system/libsystem_dnssd.dylib
0x000000001642f000 	/usr/lib/system/libsystem_featureflags.dylib
0x000000001642f000 	/usr/lib/system/libsystem_info.dylib
0x000000001642f000 	/usr/lib/system/libsystem_m.dylib
0x000000001642f000 	/usr/lib/system/libsystem_malloc.dylib
0x000000001642f000 	/usr/lib/system/libsystem_networkextension.dylib
0x000000001642f000 	/usr/lib/system/libsystem_notify.dylib
0x000000001642f000 	/usr/lib/system/libsystem_product_info_filter.dylib
0x000000001642f000 	/usr/lib/system/libsystem_sandbox.dylib
0x000000001642f000 	/usr/lib/system/libsystem_secinit.dylib
0x000000001642f000 	/usr/lib/system/libsystem_kernel.dylib
0x000000001642f000 	/usr/lib/system/libsystem_platform.dylib
0x000000001642f000 	/usr/lib/system/libsystem_pthread.dylib
0x000000001642f000 	/usr/lib/system/libsystem_symptoms.dylib
0x000000001642f000 	/usr/lib/system/libsystem_trace.dylib
0x000000001642f000 	/usr/lib/system/libunwind.dylib
0x000000001642f000 	/usr/lib/system/libxpc.dylib
0x000000001642f000 	/usr/lib/libc++abi.dylib
0x000000001642f000 	/usr/lib/liboah.dylib
0x000000001642f000 	/usr/lib/liblzma.5.dylib
0x000000001642f000 	/System/Library/Frameworks/SystemConfiguration.framework/Versions/A/SystemConfiguration
0x000000001642f000 	/usr/lib/libfakelink.dylib
0x000000001642f000 	/System/Library/Frameworks/CFNetwork.framework/Versions/A/CFNetwork
0x000000001642f000 	/usr/lib/libarchive.2.dylib
0x000000001642f000 	/System/Library/PrivateFrameworks/AppleSystemInfo.framework/Versions/A/AppleSystemInfo
0x000000001642f000 	/usr/lib/libbsm.0.dylib
0x000000001642f000 	/usr/lib/libnetwork.dylib
0x000000001642f000 	/usr/lib/system/libkxld.dylib
0x000000001642f000 	/System/Library/PrivateFrameworks/IOMobileFramebuffer.framework/Versions/A/IOMobileFramebuffer
0x000000001642f000 	/usr/lib/libCoreEntitlements.dylib
0x000000001642f000 	/System/Library/PrivateFrameworks/AppleFSCompression.framework/Versions/A/AppleFSCompression
0x000000001642f000 	/usr/lib/libcoretls.dylib
0x000000001642f000 	/usr/lib/libcoretls_cfhelpers.dylib
0x000000001642f000 	/usr/lib/libpam.2.dylib
0x000000001642f000 	/usr/lib/libsqlite3.dylib
0x000000001642f000 	/usr/lib/libxar.1.dylib
0x000000001642f000 	/usr/lib/libbz2.1.0.dylib
0x000000001642f000 	/usr/lib/libpcap.A.dylib
0x000000001642f000 	/usr/lib/libdns_services.dylib
0x000000001642f000 	/usr/lib/libapple_nghttp2.dylib
0x000000001642f000 	/usr/lib/libiconv.2.dylib
0x000000001642f000 	/usr/lib/libcharset.1.dylib
0x000000001642f000 	/System/Library/Frameworks/CoreServices.framework/Versions/A/Frameworks/FSEvents.framework/Versions/A/FSEvents
0x000000001642f000 	/System/Library/Frameworks/CoreServices.framework/Versions/A/Frameworks/CarbonCore.framework/Versions/A/CarbonCore
0x000000001642f000 	/System/Library/Frameworks/CoreServices.framework/Versions/A/Frameworks/Metadata.framework/Versions/A/Metadata
0x000000001642f000 	/System/Library/Frameworks/CoreServices.framework/Versions/A/Frameworks/OSServices.framework/Versions/A/OSServices
0x000000001642f000 	/System/Library/Frameworks/CoreServices.framework/Versions/A/Frameworks/SearchKit.framework/Versions/A/SearchKit
0x000000001642f000 	/System/Library/Frameworks/CoreServices.framework/Versions/A/Frameworks/AE.framework/Versions/A/AE
0x000000001642f000 	/System/Library/Frameworks/CoreServices.framework/Versions/A/Frameworks/LaunchServices.framework/Versions/A/LaunchServices
0x000000001642f000 	/System/Library/Frameworks/CoreServices.framework/Versions/A/Frameworks/DictionaryServices.framework/Versions/A/DictionaryServices
0x000000001642f000 	/System/Library/Frameworks/CoreServices.framework/Versions/A/Frameworks/SharedFileList.framework/Versions/A/SharedFileList
0x000000001642f000 	/usr/lib/libCheckFix.dylib
0x000000001642f000 	/System/Library/PrivateFrameworks/TCC.framework/Versions/A/TCC
0x000000001642f000 	/System/Library/PrivateFrameworks/CoreNLP.framework/Versions/A/CoreNLP
0x000000001642f000 	/System/Library/PrivateFrameworks/MetadataUtilities.framework/Versions/A/MetadataUtilities
0x000000001642f000 	/usr/lib/libmecabra.dylib
0x000000001642f000 	/usr/lib/libmecab.dylib
0x000000001642f000 	/usr/lib/libCRFSuite.dylib
0x000000001642f000 	/usr/lib/libgermantok.dylib
0x000000001642f000 	/usr/lib/libThaiTokenizer.dylib
0x000000001642f000 	/System/Library/Frameworks/Accelerate.framework/Versions/A/Frameworks/vImage.framework/Versions/A/vImage
0x000000001642f000 	/System/Library/Frameworks/Accelerate.framework/Versions/A/Frameworks/vecLib.framework/Versions/A/vecLib
0x000000001642f000 	/System/Library/Frameworks/Accelerate.framework/Versions/A/Frameworks/vecLib.framework/Versions/A/libvMisc.dylib
0x000000001642f000 	/System/Library/Frameworks/Accelerate.framework/Versions/A/Frameworks/vecLib.framework/Versions/A/libvDSP.dylib
0x000000001642f000 	/System/Library/Frameworks/Accelerate.framework/Versions/A/Frameworks/vecLib.framework/Versions/A/libBLAS.dylib
0x000000001642f000 	/System/Library/Frameworks/Accelerate.framework/Versions/A/Frameworks/vecLib.framework/Versions/A/libLAPACK.dylib
0x000000001642f000 	/System/Library/Frameworks/Accelerate.framework/Versions/A/Frameworks/vecLib.framework/Versions/A/libLinearAlgebra.dylib
0x000000001642f000 	/System/Library/Frameworks/Accelerate.framework/Versions/A/Frameworks/vecLib.framework/Versions/A/libSparseBLAS.dylib
0x000000001642f000 	/System/Library/Frameworks/Accelerate.framework/Versions/A/Frameworks/vecLib.framework/Versions/A/libQuadrature.dylib
0x000000001642f000 	/System/Library/Frameworks/Accelerate.framework/Versions/A/Frameworks/vecLib.framework/Versions/A/libBNNS.dylib
0x000000001642f000 	/System/Library/Frameworks/Accelerate.framework/Versions/A/Frameworks/vecLib.framework/Versions/A/libSparse.dylib
0x000000001642f000 	/System/Library/PrivateFrameworks/LinguisticData.framework/Versions/A/LinguisticData
0x000000001642f000 	/System/Library/PrivateFrameworks/Lexicon.framework/Versions/A/Lexicon
0x000000001642f000 	/usr/lib/libChineseTokenizer.dylib
0x000000001642f000 	/System/Library/PrivateFrameworks/LanguageModeling.framework/Versions/A/LanguageModeling
0x000000001642f000 	/System/Library/PrivateFrameworks/AppleSauce.framework/Versions/A/AppleSauce
0x000000001642f000 	/System/Library/PrivateFrameworks/CoreEmoji.framework/Versions/A/CoreEmoji
0x000000001642f000 	/usr/lib/libcmph.dylib
0x000000001642f000 	/System/Library/Frameworks/OpenDirectory.framework/Versions/A/Frameworks/CFOpenDirectory.framework/Versions/A/CFOpenDirectory
0x000000001642f000 	/System/Library/Frameworks/OpenDirectory.framework/Versions/A/OpenDirectory
0x000000001642f000 	/System/Library/PrivateFrameworks/APFS.framework/Versions/A/APFS
0x000000001642f000 	/System/Library/Frameworks/SecurityFoundation.framework/Versions/A/SecurityFoundation
0x000000001642f000 	/usr/lib/libutil.dylib
0x000000001642f000 	/System/Library/PrivateFrameworks/CoreServicesStore.framework/Versions/A/CoreServicesStore
0x000000001642f000 	/usr/lib/libxslt.1.dylib
0x000000001642f000 	/System/Library/PrivateFrameworks/BackgroundTaskManagement.framework/Versions/A/BackgroundTaskManagement
0x000000001642f000 	/System/Library/Frameworks/ImageIO.framework/Versions/A/Resources/libRadiance.dylib
0x000000001642f000 	/System/Library/Frameworks/ImageIO.framework/Versions/A/Resources/libJPEG.dylib
0x000000001642f000 	/System/Library/Frameworks/ImageIO.framework/Versions/A/Resources/libPng.dylib
0x000000001642f000 	/System/Library/Frameworks/ImageIO.framework/Versions/A/Resources/libTIFF.dylib
0x000000001642f000 	/System/Library/Frameworks/ImageIO.framework/Versions/A/Resources/libGIF.dylib
0x000000001642f000 	/System/Library/Frameworks/ImageIO.framework/Versions/A/Resources/libJP2.dylib
0x000000001642f000 	/usr/lib/libexpat.1.dylib
0x000000001642f000 	/System/Library/PrivateFrameworks/AppleJPEG.framework/Versions/A/AppleJPEG
0x000000001642f000 	/System/Library/PrivateFrameworks/FontServices.framework/libFontParser.dylib
0x000000001642f000 	/System/Library/PrivateFrameworks/RunningBoardServices.framework/Versions/A/RunningBoardServices
0x000000001642f000 	/System/Library/PrivateFrameworks/IOSurfaceAccelerator.framework/Versions/A/IOSurfaceAccelerator
0x000000001642f000 	/System/Library/PrivateFrameworks/WatchdogClient.framework/Versions/A/WatchdogClient
0x000000001642f000 	/System/Library/Frameworks/CoreDisplay.framework/Versions/A/CoreDisplay
0x000000001642f000 	/System/Library/Frameworks/CoreMedia.framework/Versions/A/CoreMedia
0x000000001642f000 	/System/Library/PrivateFrameworks/IOAccelerator.framework/Versions/A/IOAccelerator
0x000000001642f000 	/System/Library/Frameworks/CoreVideo.framework/Versions/A/CoreVideo
0x000000001642f000 	/System/Library/Frameworks/MetalPerformanceShaders.framework/Versions/A/MetalPerformanceShaders
0x000000001642f000 	/System/Library/Frameworks/VideoToolbox.framework/Versions/A/VideoToolbox
0x000000001642f000 	/System/Library/PrivateFrameworks/BaseBoard.framework/Versions/A/BaseBoard
0x000000001642f000 	/System/Library/PrivateFrameworks/ProtocolBuffer.framework/Versions/A/ProtocolBuffer
0x000000001642f000 	/System/Library/PrivateFrameworks/GPUWrangler.framework/Versions/A/GPUWrangler
0x000000001642f000 	/System/Library/PrivateFrameworks/IOPresentment.framework/Versions/A/IOPresentment
0x000000001642f000 	/System/Library/PrivateFrameworks/DSExternalDisplay.framework/Versions/A/DSExternalDisplay
0x000000001642f000 	/System/Library/Frameworks/OpenGL.framework/Versions/A/Libraries/libCoreFSCache.dylib
0x000000001642f000 	/System/Library/PrivateFrameworks/GPUCompiler.framework/Versions/31001/Libraries/libGPUCompilerUtils.dylib
0x000000001642f000 	/System/Library/PrivateFrameworks/CMCaptureCore.framework/Versions/A/CMCaptureCore
0x000000001642f000 	/System/Library/PrivateFrameworks/AppServerSupport.framework/Versions/A/AppServerSupport
0x000000001642f000 	/System/Library/PrivateFrameworks/perfdata.framework/Versions/A/perfdata
0x000000001642f000 	/System/Library/PrivateFrameworks/AudioToolboxCore.framework/Versions/A/AudioToolboxCore
0x000000001642f000 	/System/Library/PrivateFrameworks/caulk.framework/Versions/A/caulk
0x000000001642f000 	/usr/lib/libAudioStatistics.dylib
0x000000001642f000 	/System/Library/PrivateFrameworks/SystemPolicy.framework/Versions/A/SystemPolicy
0x000000001642f000 	/usr/lib/libSMC.dylib
0x000000001642f000 	/System/Library/Frameworks/CoreMIDI.framework/Versions/A/CoreMIDI
0x000000001642f000 	/usr/lib/libAudioToolboxUtility.dylib
0x000000001642f000 	/System/Library/PrivateFrameworks/OSAServicesClient.framework/Versions/A/OSAServicesClient
0x000000001642f000 	/usr/lib/libperfcheck.dylib
0x000000001642f000 	/usr/lib/libmis.dylib
0x000000001642f000 	/System/Library/Frameworks/OpenGL.framework/Versions/A/Libraries/libGLU.dylib
0x000000001642f000 	/System/Library/Frameworks/OpenGL.framework/Versions/A/Libraries/libGFXShared.dylib
0x000000001642f000 	/System/Library/Frameworks/OpenGL.framework/Versions/A/Libraries/libGL.dylib
0x000000001642f000 	/System/Library/Frameworks/OpenGL.framework/Versions/A/Libraries/libGLImage.dylib
0x000000001642f000 	/System/Library/Frameworks/OpenGL.framework/Versions/A/Libraries/libCVMSPluginSupport.dylib
0x000000001642f000 	/System/Library/Frameworks/OpenGL.framework/Versions/A/Libraries/libCoreVMClient.dylib
0x000000001642f000 	/System/Library/Frameworks/MetalPerformanceShaders.framework/Versions/A/Frameworks/MPSCore.framework/Versions/A/MPSCore
0x000000001642f000 	/System/Library/Frameworks/MetalPerformanceShaders.framework/Versions/A/Frameworks/MPSImage.framework/Versions/A/MPSImage
0x000000001642f000 	/System/Library/Frameworks/MetalPerformanceShaders.framework/Versions/A/Frameworks/MPSNeuralNetwork.framework/Versions/A/MPSNeuralNetwork
0x000000001642f000 	/System/Library/Frameworks/MetalPerformanceShaders.framework/Versions/A/Frameworks/MPSMatrix.framework/Versions/A/MPSMatrix
0x000000001642f000 	/System/Library/Frameworks/MetalPerformanceShaders.framework/Versions/A/Frameworks/MPSRayIntersector.framework/Versions/A/MPSRayIntersector
0x000000001642f000 	/System/Library/Frameworks/MetalPerformanceShaders.framework/Versions/A/Frameworks/MPSNDArray.framework/Versions/A/MPSNDArray
0x000000001642f000 	/System/Library/Frameworks/MetalPerformanceShaders.framework/Versions/A/Frameworks/MPSFunctions.framework/Versions/A/MPSFunctions
0x000000001642f000 	/System/Library/PrivateFrameworks/MetalTools.framework/Versions/A/MetalTools
0x000000001642f000 	/System/Library/PrivateFrameworks/AggregateDictionary.framework/Versions/A/AggregateDictionary
0x000000001642f000 	/usr/lib/libIOReport.dylib
0x000000001642f000 	/System/Library/Frameworks/OpenCL.framework/Versions/A/OpenCL
0x000000001642f000 	/System/Library/PrivateFrameworks/FaceCore.framework/Versions/A/FaceCore
0x000000001642f000 	/System/Library/PrivateFrameworks/GraphVisualizer.framework/Versions/A/GraphVisualizer
0x000000001642f000 	/System/Library/PrivateFrameworks/FontServices.framework/Versions/A/FontServices
0x000000001642f000 	/System/Library/PrivateFrameworks/OTSVG.framework/Versions/A/OTSVG
0x000000001642f000 	/System/Library/Frameworks/ApplicationServices.framework/Versions/A/Frameworks/ATS.framework/Versions/A/Resources/libFontRegistry.dylib
0x000000001642f000 	/System/Library/PrivateFrameworks/FontServices.framework/libhvf.dylib
0x000000001642f000 	/System/Library/PrivateFrameworks/FontServices.framework/libXTFontStaticRegistryData.dylib
0x000000001642f000 	/System/Library/PrivateFrameworks/AppleVA.framework/Versions/A/AppleVA
0x000000001642f000 	/System/Library/Frameworks/ApplicationServices.framework/Versions/A/Frameworks/ATS.framework/Versions/A/ATS
0x000000001642f000 	/System/Library/Frameworks/ApplicationServices.framework/Versions/A/Frameworks/HIServices.framework/Versions/A/HIServices
0x000000001642f000 	/System/Library/Frameworks/ApplicationServices.framework/Versions/A/Frameworks/PrintCore.framework/Versions/A/PrintCore
0x000000001642f000 	/System/Library/Frameworks/ApplicationServices.framework/Versions/A/Frameworks/QD.framework/Versions/A/QD
0x000000001642f000 	/System/Library/Frameworks/ApplicationServices.framework/Versions/A/Frameworks/ColorSyncLegacy.framework/Versions/A/ColorSyncLegacy
0x000000001642f000 	/System/Library/Frameworks/ApplicationServices.framework/Versions/A/Frameworks/SpeechSynthesis.framework/Versions/A/SpeechSynthesis
0x000000001642f000 	/System/Library/Frameworks/ApplicationServices.framework/Versions/A/Frameworks/ATSUI.framework/Versions/A/ATSUI
0x000000001642f000 	/usr/lib/libcups.2.dylib
0x000000001642f000 	/System/Library/Frameworks/Kerberos.framework/Versions/A/Kerberos
0x000000001642f000 	/System/Library/Frameworks/GSS.framework/Versions/A/GSS
0x000000001642f000 	/usr/lib/libresolv.9.dylib
0x000000001642f000 	/System/Library/PrivateFrameworks/Heimdal.framework/Versions/A/Heimdal
0x000000001642f000 	/System/Library/Frameworks/Kerberos.framework/Versions/A/Libraries/libHeimdalProxy.dylib
0x000000001642f000 	/System/Library/Frameworks/Network.framework/Versions/A/Network
0x000000001642f000 	/usr/lib/libheimdal-asn1.dylib
0x000000001642f000 	/System/Library/PrivateFrameworks/CommonAuth.framework/Versions/A/CommonAuth
0x000000001642f000 	/System/Library/PrivateFrameworks/AudioSession.framework/Versions/A/AudioSession
0x000000001642f000 	/System/Library/PrivateFrameworks/MediaExperience.framework/Versions/A/MediaExperience
0x000000001642f000 	/System/Library/PrivateFrameworks/AudioSession.framework/libSessionUtility.dylib
0x000000001642f000 	/System/Library/PrivateFrameworks/AudioResourceArbitration.framework/Versions/A/AudioResourceArbitration
0x000000001642f000 	/System/Library/PrivateFrameworks/PowerLog.framework/Versions/A/PowerLog
0x000000001642f000 	/System/Library/PrivateFrameworks/IconFoundation.framework/Versions/A/IconFoundation
0x000000001642f000 	/System/Library/PrivateFrameworks/SpeechRecognitionCore.framework/Versions/A/SpeechRecognitionCore
0x000000001642f000 	/System/Library/CoreServices/Encodings/libSimplifiedChineseConverter.dylib
0x00000001065b5000 	/Library/Java/JavaVirtualMachines/jdk1.8.0_121.jdk/Contents/Home/jre/lib/server/libjvm.dylib
0x000000001642f000 	/usr/lib/libstdc++.6.dylib
0x0000000105656000 	/Library/Java/JavaVirtualMachines/jdk1.8.0_121.jdk/Contents/Home/jre/lib/libverify.dylib
0x0000000105699000 	/Library/Java/JavaVirtualMachines/jdk1.8.0_121.jdk/Contents/Home/jre/lib/libjava.dylib
0x00000001056ce000 	/Library/Java/JavaVirtualMachines/jdk1.8.0_121.jdk/Contents/Home/jre/lib/libinstrument.dylib
0x000000010566d000 	/Library/Java/JavaVirtualMachines/jdk1.8.0_121.jdk/Contents/Home/jre/lib/libzip.dylib
0x000000001642f000 	/System/Library/Frameworks/JavaRuntimeSupport.framework/Versions/A/JavaRuntimeSupport
0x000000001642f000 	/System/Library/Frameworks/Carbon.framework/Versions/A/Carbon
0x000000001642f000 	/System/Library/PrivateFrameworks/CoreSymbolication.framework/Versions/A/CoreSymbolication
0x000000001642f000 	/System/Library/Frameworks/Carbon.framework/Versions/A/Frameworks/CommonPanels.framework/Versions/A/CommonPanels
0x000000001642f000 	/System/Library/Frameworks/Carbon.framework/Versions/A/Frameworks/Help.framework/Versions/A/Help
0x000000001642f000 	/System/Library/Frameworks/Carbon.framework/Versions/A/Frameworks/ImageCapture.framework/Versions/A/ImageCapture
0x000000001642f000 	/System/Library/Frameworks/Carbon.framework/Versions/A/Frameworks/OpenScripting.framework/Versions/A/OpenScripting
0x000000001642f000 	/System/Library/Frameworks/Carbon.framework/Versions/A/Frameworks/Ink.framework/Versions/A/Ink
0x000000001642f000 	/System/Library/Frameworks/Carbon.framework/Versions/A/Frameworks/Print.framework/Versions/A/Print
0x000000001642f000 	/System/Library/Frameworks/Carbon.framework/Versions/A/Frameworks/SecurityHI.framework/Versions/A/SecurityHI
0x000000001642f000 	/System/Library/PrivateFrameworks/DebugSymbols.framework/Versions/A/DebugSymbols
0x000000010a8b7000 	/Library/Java/JavaVirtualMachines/jdk1.8.0_121.jdk/Contents/Home/jre/lib/libnet.dylib
0x000000010abf3000 	/private/var/folders/l9/p0cgq_3j2xl465nkz8x1tf440000gn/T/nativelib-loader_6215324402656544125/libunicorn_java.dylib
0x000000010a8f8000 	/Library/Java/JavaVirtualMachines/jdk1.8.0_121.jdk/Contents/Home/jre/lib/libmanagement.dylib
0x000000010aa31000 	/Users/jiewang/Library/Caches/JNA/temp/jna8618320327169387168.tmp
0x000000010aaf3000 	/Library/Java/JavaVirtualMachines/jdk1.8.0_121.jdk/Contents/Home/jre/lib/libnio.dylib
0x000000010b858000 	/Users/jiewang/Library/Caches/JNA/temp/jna5730479803997133797.tmp

VM Arguments:
jvm_args: -javaagent:/Applications/IntelliJ IDEA.app/Contents/lib/idea_rt.jar=55860:/Applications/IntelliJ IDEA.app/Contents/bin -Dfile.encoding=UTF-8 
java_command: com.dy.LibCmsXLog
java_class_path (initial): /Library/Java/JavaVirtualMachines/jdk1.8.0_121.jdk/Contents/Home/jre/lib/charsets.jar:/Library/Java/JavaVirtualMachines/jdk1.8.0_121.jdk/Contents/Home/jre/lib/deploy.jar:/Library/Java/JavaVirtualMachines/jdk1.8.0_121.jdk/Contents/Home/jre/lib/ext/cldrdata.jar:/Library/Java/JavaVirtualMachines/jdk1.8.0_121.jdk/Contents/Home/jre/lib/ext/dnsns.jar:/Library/Java/JavaVirtualMachines/jdk1.8.0_121.jdk/Contents/Home/jre/lib/ext/jaccess.jar:/Library/Java/JavaVirtualMachines/jdk1.8.0_121.jdk/Contents/Home/jre/lib/ext/jfxrt.jar:/Library/Java/JavaVirtualMachines/jdk1.8.0_121.jdk/Contents/Home/jre/lib/ext/localedata.jar:/Library/Java/JavaVirtualMachines/jdk1.8.0_121.jdk/Contents/Home/jre/lib/ext/nashorn.jar:/Library/Java/JavaVirtualMachines/jdk1.8.0_121.jdk/Contents/Home/jre/lib/ext/sunec.jar:/Library/Java/JavaVirtualMachines/jdk1.8.0_121.jdk/Contents/Home/jre/lib/ext/sunjce_provider.jar:/Library/Java/JavaVirtualMachines/jdk1.8.0_121.jdk/Contents/Home/jre/lib/ext/sunpkcs11.jar:/Library/Java/JavaVirtualMachines/jdk1.8.0_121.jdk/Contents/Home/jre/lib/ext/zipfs.jar:/Library/Java/JavaVirtualMachines/jdk1.8.0_121.jdk/Contents/Home/jre/lib/javaws.jar:/Library/Java/JavaVirtualMachines/jdk1.8.0_121.jdk/Contents/Home/jre/lib/jce.jar:/Library/Java/JavaVirtualMachines/jdk1.8.0_121.jdk/Contents/Home/jre/lib/jfr.jar:/Library/Java/JavaVirtualMachines/jdk1.8.0_121.jdk/Contents/Home/jre/lib/jfxswt.jar:/Library/Java/JavaVirtualMachines/jdk1.8.0_121.jdk/Contents/Home/jre/lib/jsse.jar:/Library/Java/JavaVirtualMachines/jdk1.8.0_121.jdk/Contents/Home/jre/lib/management-agent.jar:/Library/Java/JavaVirtualMachines/jdk1.8.0_121.jdk/Contents/Home/jre/lib/plugin.jar:/Library/Java/JavaVirtualMachines/jdk1.8.0_121.jdk/Contents/Home/jre/lib/resources.jar:/Library/Java/JavaVirtualMachines/jdk1.8.0_121.jdk/Contents/Home/jre/lib/rt.jar:/Library/Java/JavaVirtualMachines/jdk1.8.0_121.jdk/Contents/Home/lib/ant-javafx.jar:/Library/Java/JavaVirtualMachines/jdk1.8.0_121.jdk/Contents/Home
Launcher Type: SUN_STANDARD

Environment Variables:
JAVA_HOME=/Library/Java/JavaVirtualMachines/jdk1.8.0_121.jdk/Contents/Home
CLASSPATH=/Library/Java/JavaVirtualMachines/jdk1.8.0_121.jdk/Contents/Home/lib/tools.jar:/Library/Java/JavaVirtualMachines/jdk1.8.0_121.jdk/Contents/Home/lib/dt.jar:
PATH=/usr/local/anaconda3/bin:/usr/local/anaconda3/condabin:/usr/local/anaconda3/bin:.:/Applications/IntelliJ IDEA.app/Contents/plugins/maven/lib/maven3/bin:/usr/local/Cellar/python@3.9/3.9.7/bin:/usr/local/git/platformsbin:/Library/Frameworks/Python.framework/Versions/3.8/bin:/usr/local/bin:/usr/bin:/bin:/usr/sbin:/sbin:/Applications/VMware Fusion.app/Contents/Public:/Library/Frameworks/Mono.framework/Versions/Current/Commands:/usr/local/mysql/bin:/Users/jiewang/Library/Android/sdk/platform-tools:/Users/jiewang/Library/Android/sdk/tools:/Users/jiewang/Library/Android/sdk/build-tools/30.0.2:/Applications/Android Studio.app/Contents/gradle/gradle-6.6/bin:/Users/jiewang/Library/Android/sdk/ndk-bundle:/Library/Java/JavaVirtualMachines/jdk1.8.0_121.jdk/Contents/Home/bin
SHELL=/bin/zsh

Signal Handlers:
SIGSEGV: [libjvm.dylib+0x5b1141], sa_mask[0]=11111111011111110111111111111111, sa_flags=SA_ONSTACK|SA_RESTART|SA_SIGINFO
SIGBUS: [libjvm.dylib+0x5b1141], sa_mask[0]=11111111011111110111111111111111, sa_flags=SA_RESTART|SA_SIGINFO
SIGFPE: [libjvm.dylib+0x487bc4], sa_mask[0]=11111111011111110111111111111111, sa_flags=SA_RESTART|SA_SIGINFO
SIGPIPE: [libjvm.dylib+0x487bc4], sa_mask[0]=11111111011111110111111111111111, sa_flags=SA_RESTART|SA_SIGINFO
SIGXFSZ: [libjvm.dylib+0x487bc4], sa_mask[0]=11111111011111110111111111111111, sa_flags=SA_RESTART|SA_SIGINFO
SIGILL: [libjvm.dylib+0x487bc4], sa_mask[0]=11111111011111110111111111111111, sa_flags=SA_RESTART|SA_SIGINFO
SIGUSR1: SIG_DFL, sa_mask[0]=00000000000000000000000000000000, sa_flags=none
SIGUSR2: [libjvm.dylib+0x4876e2], sa_mask[0]=00100000000000000000000000000000, sa_flags=SA_RESTART|SA_SIGINFO
SIGHUP: [libjvm.dylib+0x485cb9], sa_mask[0]=11111111011111110111111111111111, sa_flags=SA_RESTART|SA_SIGINFO
SIGINT: [libjvm.dylib+0x485cb9], sa_mask[0]=11111111011111110111111111111111, sa_flags=SA_RESTART|SA_SIGINFO
SIGTERM: [libjvm.dylib+0x485cb9], sa_mask[0]=11111111011111110111111111111111, sa_flags=SA_RESTART|SA_SIGINFO
SIGQUIT: [libjvm.dylib+0x485cb9], sa_mask[0]=11111111011111110111111111111111, sa_flags=SA_RESTART|SA_SIGINFO


---------------  S Y S T E M  ---------------

OS:Bsduname:Darwin 21.3.0 Darwin Kernel Version 21.3.0: Wed Jan  5 21:37:58 PST 2022; root:xnu-8019.80.24~20/RELEASE_X86_64 x86_64
rlimit: STACK 8192k, CORE 0k, NPROC 2784, NOFILE 10240, AS infinity
load average:2.25 2.33 2.51

CPU:total 12 (6 cores per cpu, 2 threads per core) family 6 model 158 stepping 10, cmov, cx8, fxsr, mmx, sse, sse2, sse3, ssse3, sse4.1, sse4.2, popcnt, avx, avx2, aes, clmul, erms, rtm, 3dnowpref, lzcnt, ht, tsc, tscinvbit, bmi1, bmi2, adx

Memory: 4k page, physical 16777216k(243076k free)

/proc/meminfo:


vm_info: Java HotSpot(TM) 64-Bit Server VM (25.121-b13) for bsd-amd64 JRE (1.8.0_121-b13), built on Dec 12 2016 20:39:32 by "java_re" with gcc 4.2.1 (Based on Apple Inc. build 5658) (LLVM build 2336.11.00)

time: Fri Apr 29 14:24:38 2022
elapsed time: 5 seconds (0d 0h 0m 5s)

