#
# A fatal error has been detected by the Java Runtime Environment:
#
#  SIGSEGV (0xb) at pc=0x000000010b68dc28, pid=15374, tid=0x0000000000004a03
#
# JRE version: Java(TM) SE Runtime Environment (8.0_121-b13) (build 1.8.0_121-b13)
# Java VM: Java HotSpot(TM) 64-Bit Server VM (25.121-b13 mixed mode bsd-amd64 compressed oops)
# Problematic frame:
# V  [libjvm.dylib+0x47fc28]
#
# Failed to write core dump. Core dumps have been disabled. To enable core dumping, try "ulimit -c unlimited" before starting Java again
#
# If you would like to submit a bug report, please visit:
#   http://bugreport.java.com/bugreport/crash.jsp
#

---------------  T H R E A D  ---------------

Current thread (0x00007f818781e800):  VMThread [stack: 0x00007000064ea000,0x00007000065ea000] [id=18947]

siginfo: si_signo: 11 (SIGSEGV), si_code: 1 (SEGV_MAPERR), si_addr: 0x0000000000000000

Registers:
RAX=0x000000000000003a, RBX=0x00007000065e9570, RCX=0x0000000000000000, RDX=0x00007f81868a3e10
RSP=0x00007000065e93e0, RBP=0x00007000065e93e0, RSI=0x00000000000006f8, RDI=0x00007f81868a3e00
R8 =0x0000000000000000, R9 =0x0000000000000400, R10=0x00000000000007fb, R11=0x0000000000000200
R12=0x00007000065e9570, R13=0x00007000065e9540, R14=0x00007000065e9540, R15=0x000000000000000e
RIP=0x000000010b68dc28, EFLAGS=0x0000000000010297, ERR=0x0000000000000004
  TRAPNO=0x000000000000000e

Top of Stack: (sp=0x00007000065e93e0)
0x00007000065e93e0:   00007000065e9460 000000010b68e504
0x00007000065e93f0:   00007000065e95c8 00007000065e95c8
0x00007000065e9400:   00007000065e9480 000000010b68e589
0x00007000065e9410:   00007000065e9430 00006000014648d0
0x00007000065e9420:   00007f8187208850 00007f8187208860
0x00007000065e9430:   00007f8187208c38 00000000000003d8
0x00007000065e9440:   00007000065e94f8 00007000065e9570
0x00007000065e9450:   0000700005ac7d70 000000000000000e
0x00007000065e9460:   00007000065e94b0 000000010b459cfc
0x00007000065e9470:   00007000065e94b0 000000010fba5b44
0x00007000065e9480:   0000700005ac7dd0 00007000065e94f8
0x00007000065e9490:   00007000065e94f8 0000600001a7c1a0
0x00007000065e94a0:   00007000065e9570 00007000065e9540
0x00007000065e94b0:   00007000065e94e0 000000010b459f2e
0x00007000065e94c0:   00007000065e9540 000000010baf50d9
0x00007000065e94d0:   00007000065e9540 0000000000000001
0x00007000065e94e0:   00007000065e9530 000000010b400845
0x00007000065e94f0:   00007000065e9928 0000700005ac7d18
0x00007000065e9500:   000000010fe3fe18 000000010fe3f410
0x00007000065e9510:   00007000065e9530 000000010b74091d
0x00007000065e9520:   000000010ba43ff0 000000010ba43ff0
0x00007000065e9530:   00007000065e9b40 000000010b7771a8
0x00007000065e9540:   0000700005ac7d18 000000010fe3fe18
0x00007000065e9550:   000000010fe3f410 0000000000000000
0x00007000065e9560:   000000076d88a8e8 0000700005ac7d70
0x00007000065e9570:   0000000000000000 00007000065e9928
0x00007000065e9580:   00007000065e9590 0000000000000000
0x00007000065e9590:   00007000065e9d68 0000000000000022
0x00007000065e95a0:   00007000065e9940 00007ff81661ab63
0x00007000065e95b0:   00007000065e99e8 0000000000000001
0x00007000065e95c0:   0000700005ac7d08 0000700005ac7d08
0x00007000065e95d0:   0000000000000001 000000010b823c90 

Instructions: (pc=0x000000010b68dc28)
0x000000010b68dc08:   27 83 e6 f8 01 f0 48 83 c2 08 48 ff c9 75 d4 5d
0x000000010b68dc18:   c3 90 55 48 89 e5 8b 07 31 c9 eb 0c 4c 8b 04 ca
0x000000010b68dc28:   41 39 30 7d 0b 48 ff c1 39 c1 48 8b 57 08 7c ec
0x000000010b68dc38:   48 8b 04 ca 5d c3 55 48 89 e5 48 8b 07 5d c3 90 

Register to memory mapping:

RAX=0x000000000000003a is an unknown value
RBX=0x00007000065e9570 is an unknown value
RCX=0x0000000000000000 is an unknown value
RDX=0x00007f81868a3e10 is an unknown value
RSP=0x00007000065e93e0 is an unknown value
RBP=0x00007000065e93e0 is an unknown value
RSI=0x00000000000006f8 is an unknown value
RDI=0x00007f81868a3e00 is an unknown value
R8 =0x0000000000000000 is an unknown value
R9 =0x0000000000000400 is an unknown value
R10=0x00000000000007fb is an unknown value
R11=0x0000000000000200 is an unknown value
R12=0x00007000065e9570 is an unknown value
R13=0x00007000065e9540 is an unknown value
R14=0x00007000065e9540 is an unknown value
R15=0x000000000000000e is an unknown value


Stack: [0x00007000064ea000,0x00007000065ea000],  sp=0x00007000065e93e0,  free space=1020k
Native frames: (J=compiled Java code, j=interpreted, Vv=VM code, C=native code)
V  [libjvm.dylib+0x47fc28]
V  [libjvm.dylib+0x480504]
V  [libjvm.dylib+0x24bcfc]
V  [libjvm.dylib+0x24bf2e]
V  [libjvm.dylib+0x1f2845]
V  [libjvm.dylib+0x5691a8]
V  [libjvm.dylib+0x5691e1]
V  [libjvm.dylib+0x4e12e8]
V  [libjvm.dylib+0x4e18f8]
V  [libjvm.dylib+0x5b6f6f]
V  [libjvm.dylib+0x5b689d]
V  [libjvm.dylib+0x48a5b2]
C  [libsystem_pthread.dylib+0x64f4]  _pthread_start+0x7d
C  [libsystem_pthread.dylib+0x200f]  thread_start+0xf

VM_Operation (0x0000700005ac75e8): Deoptimize, mode: safepoint, requested by thread 0x00007f818a008800


---------------  P R O C E S S  ---------------

Java Threads: ( => current thread )
  0x00007f81878c8000 JavaThread "Attach Listener" daemon [_thread_blocked, id=22275, stack(0x0000700007111000,0x0000700007211000)]
  0x00007f8187884000 JavaThread "Service Thread" daemon [_thread_blocked, id=21763, stack(0x0000700006f0b000,0x000070000700b000)]
  0x00007f818e030800 JavaThread "C1 CompilerThread3" daemon [_thread_blocked, id=15363, stack(0x0000700006e08000,0x0000700006f08000)]
  0x00007f8186020000 JavaThread "C2 CompilerThread2" daemon [_thread_blocked, id=15619, stack(0x0000700006d05000,0x0000700006e05000)]
  0x00007f818903b800 JavaThread "C2 CompilerThread1" daemon [_thread_blocked, id=14339, stack(0x0000700006c02000,0x0000700006d02000)]
  0x00007f818903b000 JavaThread "C2 CompilerThread0" daemon [_thread_blocked, id=16131, stack(0x0000700006aff000,0x0000700006bff000)]
  0x00007f8186857800 JavaThread "Monitor Ctrl-Break" daemon [_thread_in_native, id=16643, stack(0x00007000069fc000,0x0000700006afc000)]
  0x00007f8187826000 JavaThread "Signal Dispatcher" daemon [_thread_blocked, id=13827, stack(0x00007000068f9000,0x00007000069f9000)]
  0x00007f818d808800 JavaThread "Finalizer" daemon [_thread_blocked, id=12291, stack(0x00007000066f0000,0x00007000067f0000)]
  0x00007f818600d800 JavaThread "Reference Handler" daemon [_thread_blocked, id=12035, stack(0x00007000065ed000,0x00007000066ed000)]
  0x00007f818a008800 JavaThread "main" [_thread_blocked, id=4099, stack(0x00007000059c9000,0x0000700005ac9000)]

Other Threads:
=>0x00007f818781e800 VMThread [stack: 0x00007000064ea000,0x00007000065ea000] [id=18947]
  0x00007f818681c000 WatcherThread [stack: 0x000070000700e000,0x000070000710e000] [id=22019]

VM state:at safepoint (normal execution)

VM Mutex/Monitor currently owned by a thread:  ([mutex/lock_event])
[0x0000600003474e80] Safepoint_lock - owner thread: 0x00007f818781e800
[0x0000600003474f00] Threads_lock - owner thread: 0x00007f818781e800
[0x0000600003475900] Compile_lock - owner thread: 0x00007f818a008800

Heap:
 PSYoungGen      total 76288K, used 58369K [0x000000076ab00000, 0x0000000770000000, 0x00000007c0000000)
  eden space 65536K, 72% used [0x000000076ab00000,0x000000076d9817c8,0x000000076eb00000)
  from space 10752K, 99% used [0x000000076eb00000,0x000000076f57ed98,0x000000076f580000)
  to   space 10752K, 0% used [0x000000076f580000,0x000000076f580000,0x0000000770000000)
 ParOldGen       total 175104K, used 23722K [0x00000006c0000000, 0x00000006cab00000, 0x000000076ab00000)
  object space 175104K, 13% used [0x00000006c0000000,0x00000006c172aae0,0x00000006cab00000)
 Metaspace       used 12130K, capacity 12334K, committed 12544K, reserved 1060864K
  class space    used 1420K, capacity 1501K, committed 1536K, reserved 1048576K

Card table byte_map: [0x000000010a74a000,0x000000010af4b000] byte_map_base: 0x000000010714a000

Marking Bits: (ParMarkBitMap*) 0x000000010bafed30
 Begin Bits: [0x000000011ea5c000, 0x0000000122a5c000)
 End Bits:   [0x0000000122a5c000, 0x0000000126a5c000)

Polling page: 0x000000010a2a2000

CodeCache: size=245760Kb used=5664Kb max_used=5664Kb free=240095Kb
 bounds [0x000000010fa5c000, 0x000000010ffec000, 0x000000011ea5c000]
 total_blobs=1911 nmethods=1528 adapters=296
 compilation: enabled

Compilation events (10 events):
Event: 4.958 Thread 0x00007f818e030800 1526       3       java.math.BigInteger::implSquareToLenChecks (198 bytes)
Event: 4.959 Thread 0x00007f818e030800 nmethod 1526 0x000000010ffe4710 code [0x000000010ffe4b80, 0x000000010ffe7618]
Event: 4.959 Thread 0x00007f818e030800 1527       3       sun.reflect.ClassFileAssembler::setStack (25 bytes)
Event: 4.959 Thread 0x00007f818e030800 nmethod 1527 0x000000010ffd5e90 code [0x000000010ffd6000, 0x000000010ffd6190]
Event: 4.959 Thread 0x00007f818e030800 1529       3       java.io.StreamTokenizer::read (38 bytes)
Event: 4.960 Thread 0x00007f818e030800 nmethod 1529 0x000000010ffe8a10 code [0x000000010ffe8bc0, 0x000000010ffe8fe8]
Event: 4.960 Thread 0x00007f818e030800 1530   !   3       java.io.BufferedReader::read (104 bytes)
Event: 4.960 Thread 0x00007f818e030800 nmethod 1530 0x000000010ffe9150 code [0x000000010ffe9320, 0x000000010ffe99d8]
Event: 4.960 Thread 0x00007f818e030800 1528   !   3       java.nio.CharBuffer::wrap (20 bytes)
Event: 4.960 Thread 0x00007f818e030800 nmethod 1528 0x000000010ffe9e50 code [0x000000010ffe9fe0, 0x000000010ffea398]

GC Heap History (2 events):
Event: 1.252 GC heap before
{Heap before GC invocations=1 (full 0):
 PSYoungGen      total 76288K, used 65536K [0x000000076ab00000, 0x0000000770000000, 0x00000007c0000000)
  eden space 65536K, 100% used [0x000000076ab00000,0x000000076eb00000,0x000000076eb00000)
  from space 10752K, 0% used [0x000000076f580000,0x000000076f580000,0x0000000770000000)
  to   space 10752K, 0% used [0x000000076eb00000,0x000000076eb00000,0x000000076f580000)
 ParOldGen       total 175104K, used 0K [0x00000006c0000000, 0x00000006cab00000, 0x000000076ab00000)
  object space 175104K, 0% used [0x00000006c0000000,0x00000006c0000000,0x00000006cab00000)
 Metaspace       used 8921K, capacity 9114K, committed 9344K, reserved 1056768K
  class space    used 1076K, capacity 1137K, committed 1152K, reserved 1048576K
Event: 1.265 GC heap after
Heap after GC invocations=1 (full 0):
 PSYoungGen      total 76288K, used 10747K [0x000000076ab00000, 0x0000000770000000, 0x00000007c0000000)
  eden space 65536K, 0% used [0x000000076ab00000,0x000000076ab00000,0x000000076eb00000)
  from space 10752K, 99% used [0x000000076eb00000,0x000000076f57ed98,0x000000076f580000)
  to   space 10752K, 0% used [0x000000076f580000,0x000000076f580000,0x0000000770000000)
 ParOldGen       total 175104K, used 23722K [0x00000006c0000000, 0x00000006cab00000, 0x000000076ab00000)
  object space 175104K, 13% used [0x00000006c0000000,0x00000006c172aae0,0x00000006cab00000)
 Metaspace       used 8921K, capacity 9114K, committed 9344K, reserved 1056768K
  class space    used 1076K, capacity 1137K, committed 1152K, reserved 1048576K
}

Deoptimization events (10 events):
Event: 3.438 Thread 0x00007f818a008800 Uncommon trap: reason=unstable_if action=reinterpret pc=0x000000010fdfb764 method=com.github.unidbg.pointer.UnidbgPointer.write(J[BII)V @ 46
Event: 3.496 Thread 0x00007f818a008800 Uncommon trap: reason=unstable_if action=reinterpret pc=0x000000010fd33838 method=java.lang.String.indexOf([CII[CIII)I @ 27
Event: 3.497 Thread 0x00007f818a008800 Uncommon trap: reason=unstable_if action=reinterpret pc=0x000000010fc5e28c method=java.lang.String.indexOf([CII[CIII)I @ 27
Event: 4.909 Thread 0x00007f818a008800 Uncommon trap: reason=speculate_class_check action=maybe_recompile pc=0x000000010fcd68e4 method=java.nio.charset.CharsetDecoder.replaceWith(Ljava/lang/String;)Ljava/nio/charset/CharsetDecoder; @ 63
Event: 4.909 Thread 0x00007f818a008800 Uncommon trap: reason=class_check action=maybe_recompile pc=0x000000010ff70fe0 method=java.lang.StringCoding$StringDecoder.decode([BII)[C @ 30
Event: 4.918 Thread 0x00007f818a008800 Uncommon trap: reason=unstable_if action=reinterpret pc=0x000000010fc6eae4 method=java.lang.String.startsWith(Ljava/lang/String;I)Z @ 25
Event: 4.923 Thread 0x00007f818a008800 Uncommon trap: reason=unstable_if action=reinterpret pc=0x000000010fce2e28 method=java.lang.CharacterDataLatin1.digit(II)I @ 31
Event: 4.925 Thread 0x00007f818a008800 Uncommon trap: reason=unstable_if action=reinterpret pc=0x000000010fe5292c method=java.util.HashMap.putVal(ILjava/lang/Object;Ljava/lang/Object;ZZ)Ljava/lang/Object; @ 193
Event: 4.933 Thread 0x00007f818a008800 Uncommon trap: reason=unstable_if action=reinterpret pc=0x000000010fb94ee0 method=java.lang.String.startsWith(Ljava/lang/String;I)Z @ 25
Event: 4.941 Thread 0x00007f818a008800 Uncommon trap: reason=unstable_if action=reinterpret pc=0x000000010fe2db30 method=java.lang.String.regionMatches(ZILjava/lang/String;II)Z @ 123

Internal exceptions (10 events):
Event: 0.326 Thread 0x00007f818a008800 Exception <a 'java/lang/ClassNotFoundException': java/lang/ObjectBeanInfo> (0x000000076b530798) thrown at [/Users/java_re/workspace/8-2-build-macosx-x86_64/jdk8u121/8372/hotspot/src/share/vm/classfile/systemDictionary.cpp, line 210]
Event: 0.327 Thread 0x00007f818a008800 Exception <a 'java/lang/ClassNotFoundException': java/lang/ObjectCustomizer> (0x000000076b53b2e0) thrown at [/Users/java_re/workspace/8-2-build-macosx-x86_64/jdk8u121/8372/hotspot/src/share/vm/classfile/systemDictionary.cpp, line 210]
Event: 0.329 Thread 0x00007f818a008800 Exception <a 'java/lang/ArrayIndexOutOfBoundsException': 18> (0x000000076b54bcd8) thrown at [/Users/java_re/workspace/8-2-build-macosx-x86_64/jdk8u121/8372/hotspot/src/share/vm/interpreter/interpreterRuntime.cpp, line 366]
Event: 0.331 Thread 0x00007f818a008800 Exception <a 'java/lang/ArrayIndexOutOfBoundsException': 22> (0x000000076b553990) thrown at [/Users/java_re/workspace/8-2-build-macosx-x86_64/jdk8u121/8372/hotspot/src/share/vm/interpreter/interpreterRuntime.cpp, line 366]
Event: 0.332 Thread 0x00007f818a008800 Exception <a 'java/lang/ArrayIndexOutOfBoundsException': 160> (0x000000076b55aec0) thrown at [/Users/java_re/workspace/8-2-build-macosx-x86_64/jdk8u121/8372/hotspot/src/share/vm/interpreter/interpreterRuntime.cpp, line 366]
Event: 0.338 Thread 0x00007f818a008800 Exception <a 'java/lang/ClassNotFoundException': org/apache/log4j/LayoutCustomizer> (0x000000076b587500) thrown at [/Users/java_re/workspace/8-2-build-macosx-x86_64/jdk8u121/8372/hotspot/src/share/vm/classfile/systemDictionary.cpp, line 210]
Event: 0.340 Thread 0x00007f818a008800 Exception <a 'java/lang/ClassNotFoundException': org/apache/log4j/PatternLayoutCustomizer> (0x000000076b5b8148) thrown at [/Users/java_re/workspace/8-2-build-macosx-x86_64/jdk8u121/8372/hotspot/src/share/vm/classfile/systemDictionary.cpp, line 210]
Event: 0.374 Thread 0x00007f818a008800 Implicit null exception at 0x000000010fbe6476 to 0x000000010fbe683d
Event: 2.044 Thread 0x00007f818a008800 Exception <a 'unicorn/UnicornException': Invalid memory read (UC_ERR_READ_UNMAPPED)> (0x000000076c3c0820) thrown at [/Users/java_re/workspace/8-2-build-macosx-x86_64/jdk8u121/8372/hotspot/src/share/vm/prims/jni.cpp, line 735]
Event: 2.136 Thread 0x00007f818a008800 Implicit null exception at 0x000000010fc170b5 to 0x000000010fc17479

Events (10 events):
Event: 4.958 Thread 0x00007f818a008800 DEOPT UNPACKING pc=0x000000010faa3633 sp=0x0000700005ac6650 mode 0
Event: 4.959 loading class javax/crypto/CryptoPermissionCollection
Event: 4.959 loading class javax/crypto/CryptoPermissionCollection done
Event: 4.960 loading class javax/crypto/spec/RC2ParameterSpec
Event: 4.960 loading class javax/crypto/spec/RC2ParameterSpec done
Event: 4.960 loading class javax/crypto/spec/RC5ParameterSpec
Event: 4.960 loading class javax/crypto/spec/RC5ParameterSpec done
Event: 4.960 loading class sun/net/www/protocol/http/Handler
Event: 4.960 loading class sun/net/www/protocol/http/Handler done
Event: 4.960 Executing VM operation: Deoptimize


Dynamic libraries:
0x000000001642f000 	/System/Library/Frameworks/Cocoa.framework/Versions/A/Cocoa
0x000000001642f000 	/System/Library/Frameworks/AppKit.framework/Versions/C/AppKit
0x000000001642f000 	/System/Library/Frameworks/CoreData.framework/Versions/A/CoreData
0x000000001642f000 	/System/Library/Frameworks/Foundation.framework/Versions/C/Foundation
0x000000001642f000 	/usr/lib/libSystem.B.dylib
0x000000001642f000 	/System/Library/PrivateFrameworks/UIFoundation.framework/Versions/A/UIFoundation
0x000000001642f000 	/System/Library/PrivateFrameworks/RemoteViewServices.framework/Versions/A/RemoteViewServices
0x000000001642f000 	/System/Library/PrivateFrameworks/XCTTargetBootstrap.framework/Versions/A/XCTTargetBootstrap
0x000000001642f000 	/System/Library/PrivateFrameworks/InternationalSupport.framework/Versions/A/InternationalSupport
0x000000001642f000 	/System/Library/PrivateFrameworks/UserActivity.framework/Versions/A/UserActivity
0x000000001642f000 	/usr/lib/libspindump.dylib
0x000000001642f000 	/System/Library/Frameworks/UniformTypeIdentifiers.framework/Versions/A/UniformTypeIdentifiers
0x000000001642f000 	/usr/lib/libapp_launch_measurement.dylib
0x000000001642f000 	/System/Library/PrivateFrameworks/CoreAnalytics.framework/Versions/A/CoreAnalytics
0x000000001642f000 	/System/Library/PrivateFrameworks/CoreAutoLayout.framework/Versions/A/CoreAutoLayout
0x000000001642f000 	/System/Library/Frameworks/Metal.framework/Versions/A/Metal
0x000000001642f000 	/usr/lib/liblangid.dylib
0x000000001642f000 	/System/Library/PrivateFrameworks/CoreSVG.framework/Versions/A/CoreSVG
0x000000001642f000 	/System/Library/PrivateFrameworks/SkyLight.framework/Versions/A/SkyLight
0x000000001642f000 	/System/Library/Frameworks/CoreGraphics.framework/Versions/A/CoreGraphics
0x000000001642f000 	/System/Library/Frameworks/Accelerate.framework/Versions/A/Accelerate
0x000000001642f000 	/System/Library/PrivateFrameworks/IconServices.framework/Versions/A/IconServices
0x000000001642f000 	/System/Library/Frameworks/IOSurface.framework/Versions/A/IOSurface
0x000000001642f000 	/usr/lib/libDiagnosticMessagesClient.dylib
0x000000001642f000 	/usr/lib/libz.1.dylib
0x000000001642f000 	/System/Library/Frameworks/ApplicationServices.framework/Versions/A/ApplicationServices
0x000000001642f000 	/System/Library/PrivateFrameworks/DFRFoundation.framework/Versions/A/DFRFoundation
0x000000001642f000 	/usr/lib/libicucore.A.dylib
0x000000001642f000 	/System/Library/Frameworks/AudioToolbox.framework/Versions/A/AudioToolbox
0x000000001642f000 	/System/Library/PrivateFrameworks/DataDetectorsCore.framework/Versions/A/DataDetectorsCore
0x000000001642f000 	/System/Library/PrivateFrameworks/TextInput.framework/Versions/A/TextInput
0x000000001642f000 	/usr/lib/libMobileGestalt.dylib
0x000000001642f000 	/System/Library/Frameworks/Carbon.framework/Versions/A/Frameworks/HIToolbox.framework/Versions/A/HIToolbox
0x000000001642f000 	/System/Library/Frameworks/QuartzCore.framework/Versions/A/QuartzCore
0x000000001642f000 	/System/Library/Frameworks/Security.framework/Versions/A/Security
0x000000001642f000 	/System/Library/Frameworks/Carbon.framework/Versions/A/Frameworks/SpeechRecognition.framework/Versions/A/SpeechRecognition
0x000000001642f000 	/System/Library/PrivateFrameworks/CoreUI.framework/Versions/A/CoreUI
0x000000001642f000 	/System/Library/Frameworks/CoreAudio.framework/Versions/A/CoreAudio
0x000000001642f000 	/System/Library/Frameworks/DiskArbitration.framework/Versions/A/DiskArbitration
0x000000001642f000 	/System/Library/PrivateFrameworks/MultitouchSupport.framework/Versions/A/MultitouchSupport
0x000000001642f000 	/usr/lib/libenergytrace.dylib
0x000000001642f000 	/System/Library/Frameworks/IOKit.framework/Versions/A/IOKit
0x000000001642f000 	/System/Library/Frameworks/CoreServices.framework/Versions/A/CoreServices
0x000000001642f000 	/System/Library/PrivateFrameworks/PerformanceAnalysis.framework/Versions/A/PerformanceAnalysis
0x000000001642f000 	/System/Library/Frameworks/OpenGL.framework/Versions/A/OpenGL
0x000000001642f000 	/System/Library/PrivateFrameworks/MobileKeyBag.framework/Versions/A/MobileKeyBag
0x000000001642f000 	/usr/lib/libobjc.A.dylib
0x000000001642f000 	/System/Library/Frameworks/ColorSync.framework/Versions/A/ColorSync
0x000000001642f000 	/System/Library/Frameworks/CoreFoundation.framework/Versions/A/CoreFoundation
0x000000001642f000 	/System/Library/Frameworks/CoreImage.framework/Versions/A/CoreImage
0x000000001642f000 	/System/Library/Frameworks/CoreText.framework/Versions/A/CoreText
0x000000001642f000 	/System/Library/Frameworks/ImageIO.framework/Versions/A/ImageIO
0x000000001642f000 	/System/Library/PrivateFrameworks/SoftLinking.framework/Versions/A/SoftLinking
0x000000001642f000 	/usr/lib/libxml2.2.dylib
0x000000001642f000 	/usr/lib/libc++.1.dylib
0x000000001642f000 	/usr/lib/libcompression.dylib
0x000000001642f000 	/System/Library/PrivateFrameworks/TextureIO.framework/Versions/A/TextureIO
0x000000001642f000 	/usr/lib/libate.dylib
0x000000001642f000 	/usr/lib/system/libcache.dylib
0x000000001642f000 	/usr/lib/system/libcommonCrypto.dylib
0x000000001642f000 	/usr/lib/system/libcompiler_rt.dylib
0x000000001642f000 	/usr/lib/system/libcopyfile.dylib
0x000000001642f000 	/usr/lib/system/libcorecrypto.dylib
0x000000001642f000 	/usr/lib/system/libdispatch.dylib
0x000000001642f000 	/usr/lib/system/libdyld.dylib
0x000000001642f000 	/usr/lib/system/libkeymgr.dylib
0x000000001642f000 	/usr/lib/system/libmacho.dylib
0x000000001642f000 	/usr/lib/system/libquarantine.dylib
0x000000001642f000 	/usr/lib/system/libremovefile.dylib
0x000000001642f000 	/usr/lib/system/libsystem_asl.dylib
0x000000001642f000 	/usr/lib/system/libsystem_blocks.dylib
0x000000001642f000 	/usr/lib/system/libsystem_c.dylib
0x000000001642f000 	/usr/lib/system/libsystem_collections.dylib
0x000000001642f000 	/usr/lib/system/libsystem_configuration.dylib
0x000000001642f000 	/usr/lib/system/libsystem_containermanager.dylib
0x000000001642f000 	/usr/lib/system/libsystem_coreservices.dylib
0x000000001642f000 	/usr/lib/system/libsystem_darwin.dylib
0x000000001642f000 	/usr/lib/system/libsystem_dnssd.dylib
0x000000001642f000 	/usr/lib/system/libsystem_featureflags.dylib
0x000000001642f000 	/usr/lib/system/libsystem_info.dylib
0x000000001642f000 	/usr/lib/system/libsystem_m.dylib
0x000000001642f000 	/usr/lib/system/libsystem_malloc.dylib
0x000000001642f000 	/usr/lib/system/libsystem_networkextension.dylib
0x000000001642f000 	/usr/lib/system/libsystem_notify.dylib
0x000000001642f000 	/usr/lib/system/libsystem_product_info_filter.dylib
0x000000001642f000 	/usr/lib/system/libsystem_sandbox.dylib
0x000000001642f000 	/usr/lib/system/libsystem_secinit.dylib
0x000000001642f000 	/usr/lib/system/libsystem_kernel.dylib
0x000000001642f000 	/usr/lib/system/libsystem_platform.dylib
0x000000001642f000 	/usr/lib/system/libsystem_pthread.dylib
0x000000001642f000 	/usr/lib/system/libsystem_symptoms.dylib
0x000000001642f000 	/usr/lib/system/libsystem_trace.dylib
0x000000001642f000 	/usr/lib/system/libunwind.dylib
0x000000001642f000 	/usr/lib/system/libxpc.dylib
0x000000001642f000 	/usr/lib/libc++abi.dylib
0x000000001642f000 	/usr/lib/liboah.dylib
0x000000001642f000 	/usr/lib/liblzma.5.dylib
0x000000001642f000 	/System/Library/Frameworks/SystemConfiguration.framework/Versions/A/SystemConfiguration
0x000000001642f000 	/usr/lib/libfakelink.dylib
0x000000001642f000 	/System/Library/Frameworks/CFNetwork.framework/Versions/A/CFNetwork
0x000000001642f000 	/usr/lib/libarchive.2.dylib
0x000000001642f000 	/System/Library/PrivateFrameworks/AppleSystemInfo.framework/Versions/A/AppleSystemInfo
0x000000001642f000 	/usr/lib/libbsm.0.dylib
0x000000001642f000 	/usr/lib/libnetwork.dylib
0x000000001642f000 	/usr/lib/system/libkxld.dylib
0x000000001642f000 	/System/Library/PrivateFrameworks/IOMobileFramebuffer.framework/Versions/A/IOMobileFramebuffer
0x000000001642f000 	/usr/lib/libCoreEntitlements.dylib
0x000000001642f000 	/System/Library/PrivateFrameworks/AppleFSCompression.framework/Versions/A/AppleFSCompression
0x000000001642f000 	/usr/lib/libcoretls.dylib
0x000000001642f000 	/usr/lib/libcoretls_cfhelpers.dylib
0x000000001642f000 	/usr/lib/libpam.2.dylib
0x000000001642f000 	/usr/lib/libsqlite3.dylib
0x000000001642f000 	/usr/lib/libxar.1.dylib
0x000000001642f000 	/usr/lib/libbz2.1.0.dylib
0x000000001642f000 	/usr/lib/libpcap.A.dylib
0x000000001642f000 	/usr/lib/libdns_services.dylib
0x000000001642f000 	/usr/lib/libapple_nghttp2.dylib
0x000000001642f000 	/usr/lib/libiconv.2.dylib
0x000000001642f000 	/usr/lib/libcharset.1.dylib
0x000000001642f000 	/System/Library/Frameworks/CoreServices.framework/Versions/A/Frameworks/FSEvents.framework/Versions/A/FSEvents
0x000000001642f000 	/System/Library/Frameworks/CoreServices.framework/Versions/A/Frameworks/CarbonCore.framework/Versions/A/CarbonCore
0x000000001642f000 	/System/Library/Frameworks/CoreServices.framework/Versions/A/Frameworks/Metadata.framework/Versions/A/Metadata
0x000000001642f000 	/System/Library/Frameworks/CoreServices.framework/Versions/A/Frameworks/OSServices.framework/Versions/A/OSServices
0x000000001642f000 	/System/Library/Frameworks/CoreServices.framework/Versions/A/Frameworks/SearchKit.framework/Versions/A/SearchKit
0x000000001642f000 	/System/Library/Frameworks/CoreServices.framework/Versions/A/Frameworks/AE.framework/Versions/A/AE
0x000000001642f000 	/System/Library/Frameworks/CoreServices.framework/Versions/A/Frameworks/LaunchServices.framework/Versions/A/LaunchServices
0x000000001642f000 	/System/Library/Frameworks/CoreServices.framework/Versions/A/Frameworks/DictionaryServices.framework/Versions/A/DictionaryServices
0x000000001642f000 	/System/Library/Frameworks/CoreServices.framework/Versions/A/Frameworks/SharedFileList.framework/Versions/A/SharedFileList
0x000000001642f000 	/usr/lib/libCheckFix.dylib
0x000000001642f000 	/System/Library/PrivateFrameworks/TCC.framework/Versions/A/TCC
0x000000001642f000 	/System/Library/PrivateFrameworks/CoreNLP.framework/Versions/A/CoreNLP
0x000000001642f000 	/System/Library/PrivateFrameworks/MetadataUtilities.framework/Versions/A/MetadataUtilities
0x000000001642f000 	/usr/lib/libmecabra.dylib
0x000000001642f000 	/usr/lib/libmecab.dylib
0x000000001642f000 	/usr/lib/libCRFSuite.dylib
0x000000001642f000 	/usr/lib/libgermantok.dylib
0x000000001642f000 	/usr/lib/libThaiTokenizer.dylib
0x000000001642f000 	/System/Library/Frameworks/Accelerate.framework/Versions/A/Frameworks/vImage.framework/Versions/A/vImage
0x000000001642f000 	/System/Library/Frameworks/Accelerate.framework/Versions/A/Frameworks/vecLib.framework/Versions/A/vecLib
0x000000001642f000 	/System/Library/Frameworks/Accelerate.framework/Versions/A/Frameworks/vecLib.framework/Versions/A/libvMisc.dylib
0x000000001642f000 	/System/Library/Frameworks/Accelerate.framework/Versions/A/Frameworks/vecLib.framework/Versions/A/libvDSP.dylib
0x000000001642f000 	/System/Library/Frameworks/Accelerate.framework/Versions/A/Frameworks/vecLib.framework/Versions/A/libBLAS.dylib
0x000000001642f000 	/System/Library/Frameworks/Accelerate.framework/Versions/A/Frameworks/vecLib.framework/Versions/A/libLAPACK.dylib
0x000000001642f000 	/System/Library/Frameworks/Accelerate.framework/Versions/A/Frameworks/vecLib.framework/Versions/A/libLinearAlgebra.dylib
0x000000001642f000 	/System/Library/Frameworks/Accelerate.framework/Versions/A/Frameworks/vecLib.framework/Versions/A/libSparseBLAS.dylib
0x000000001642f000 	/System/Library/Frameworks/Accelerate.framework/Versions/A/Frameworks/vecLib.framework/Versions/A/libQuadrature.dylib
0x000000001642f000 	/System/Library/Frameworks/Accelerate.framework/Versions/A/Frameworks/vecLib.framework/Versions/A/libBNNS.dylib
0x000000001642f000 	/System/Library/Frameworks/Accelerate.framework/Versions/A/Frameworks/vecLib.framework/Versions/A/libSparse.dylib
0x000000001642f000 	/System/Library/PrivateFrameworks/LinguisticData.framework/Versions/A/LinguisticData
0x000000001642f000 	/System/Library/PrivateFrameworks/Lexicon.framework/Versions/A/Lexicon
0x000000001642f000 	/usr/lib/libChineseTokenizer.dylib
0x000000001642f000 	/System/Library/PrivateFrameworks/LanguageModeling.framework/Versions/A/LanguageModeling
0x000000001642f000 	/System/Library/PrivateFrameworks/AppleSauce.framework/Versions/A/AppleSauce
0x000000001642f000 	/System/Library/PrivateFrameworks/CoreEmoji.framework/Versions/A/CoreEmoji
0x000000001642f000 	/usr/lib/libcmph.dylib
0x000000001642f000 	/System/Library/Frameworks/OpenDirectory.framework/Versions/A/Frameworks/CFOpenDirectory.framework/Versions/A/CFOpenDirectory
0x000000001642f000 	/System/Library/Frameworks/OpenDirectory.framework/Versions/A/OpenDirectory
0x000000001642f000 	/System/Library/PrivateFrameworks/APFS.framework/Versions/A/APFS
0x000000001642f000 	/System/Library/Frameworks/SecurityFoundation.framework/Versions/A/SecurityFoundation
0x000000001642f000 	/usr/lib/libutil.dylib
0x000000001642f000 	/System/Library/PrivateFrameworks/CoreServicesStore.framework/Versions/A/CoreServicesStore
0x000000001642f000 	/usr/lib/libxslt.1.dylib
0x000000001642f000 	/System/Library/PrivateFrameworks/BackgroundTaskManagement.framework/Versions/A/BackgroundTaskManagement
0x000000001642f000 	/System/Library/Frameworks/ImageIO.framework/Versions/A/Resources/libRadiance.dylib
0x000000001642f000 	/System/Library/Frameworks/ImageIO.framework/Versions/A/Resources/libJPEG.dylib
0x000000001642f000 	/System/Library/Frameworks/ImageIO.framework/Versions/A/Resources/libPng.dylib
0x000000001642f000 	/System/Library/Frameworks/ImageIO.framework/Versions/A/Resources/libTIFF.dylib
0x000000001642f000 	/System/Library/Frameworks/ImageIO.framework/Versions/A/Resources/libGIF.dylib
0x000000001642f000 	/System/Library/Frameworks/ImageIO.framework/Versions/A/Resources/libJP2.dylib
0x000000001642f000 	/usr/lib/libexpat.1.dylib
0x000000001642f000 	/System/Library/PrivateFrameworks/AppleJPEG.framework/Versions/A/AppleJPEG
0x000000001642f000 	/System/Library/PrivateFrameworks/FontServices.framework/libFontParser.dylib
0x000000001642f000 	/System/Library/PrivateFrameworks/RunningBoardServices.framework/Versions/A/RunningBoardServices
0x000000001642f000 	/System/Library/PrivateFrameworks/IOSurfaceAccelerator.framework/Versions/A/IOSurfaceAccelerator
0x000000001642f000 	/System/Library/PrivateFrameworks/WatchdogClient.framework/Versions/A/WatchdogClient
0x000000001642f000 	/System/Library/Frameworks/CoreDisplay.framework/Versions/A/CoreDisplay
0x000000001642f000 	/System/Library/Frameworks/CoreMedia.framework/Versions/A/CoreMedia
0x000000001642f000 	/System/Library/PrivateFrameworks/IOAccelerator.framework/Versions/A/IOAccelerator
0x000000001642f000 	/System/Library/Frameworks/CoreVideo.framework/Versions/A/CoreVideo
0x000000001642f000 	/System/Library/Frameworks/MetalPerformanceShaders.framework/Versions/A/MetalPerformanceShaders
0x000000001642f000 	/System/Library/Frameworks/VideoToolbox.framework/Versions/A/VideoToolbox
0x000000001642f000 	/System/Library/PrivateFrameworks/BaseBoard.framework/Versions/A/BaseBoard
0x000000001642f000 	/System/Library/PrivateFrameworks/ProtocolBuffer.framework/Versions/A/ProtocolBuffer
0x000000001642f000 	/System/Library/PrivateFrameworks/GPUWrangler.framework/Versions/A/GPUWrangler
0x000000001642f000 	/System/Library/PrivateFrameworks/IOPresentment.framework/Versions/A/IOPresentment
0x000000001642f000 	/System/Library/PrivateFrameworks/DSExternalDisplay.framework/Versions/A/DSExternalDisplay
0x000000001642f000 	/System/Library/Frameworks/OpenGL.framework/Versions/A/Libraries/libCoreFSCache.dylib
0x000000001642f000 	/System/Library/PrivateFrameworks/GPUCompiler.framework/Versions/31001/Libraries/libGPUCompilerUtils.dylib
0x000000001642f000 	/System/Library/PrivateFrameworks/CMCaptureCore.framework/Versions/A/CMCaptureCore
0x000000001642f000 	/System/Library/PrivateFrameworks/AppServerSupport.framework/Versions/A/AppServerSupport
0x000000001642f000 	/System/Library/PrivateFrameworks/perfdata.framework/Versions/A/perfdata
0x000000001642f000 	/System/Library/PrivateFrameworks/AudioToolboxCore.framework/Versions/A/AudioToolboxCore
0x000000001642f000 	/System/Library/PrivateFrameworks/caulk.framework/Versions/A/caulk
0x000000001642f000 	/usr/lib/libAudioStatistics.dylib
0x000000001642f000 	/System/Library/PrivateFrameworks/SystemPolicy.framework/Versions/A/SystemPolicy
0x000000001642f000 	/usr/lib/libSMC.dylib
0x000000001642f000 	/System/Library/Frameworks/CoreMIDI.framework/Versions/A/CoreMIDI
0x000000001642f000 	/usr/lib/libAudioToolboxUtility.dylib
0x000000001642f000 	/System/Library/PrivateFrameworks/OSAServicesClient.framework/Versions/A/OSAServicesClient
0x000000001642f000 	/usr/lib/libperfcheck.dylib
0x000000001642f000 	/usr/lib/libmis.dylib
0x000000001642f000 	/System/Library/Frameworks/OpenGL.framework/Versions/A/Libraries/libGLU.dylib
0x000000001642f000 	/System/Library/Frameworks/OpenGL.framework/Versions/A/Libraries/libGFXShared.dylib
0x000000001642f000 	/System/Library/Frameworks/OpenGL.framework/Versions/A/Libraries/libGL.dylib
0x000000001642f000 	/System/Library/Frameworks/OpenGL.framework/Versions/A/Libraries/libGLImage.dylib
0x000000001642f000 	/System/Library/Frameworks/OpenGL.framework/Versions/A/Libraries/libCVMSPluginSupport.dylib
0x000000001642f000 	/System/Library/Frameworks/OpenGL.framework/Versions/A/Libraries/libCoreVMClient.dylib
0x000000001642f000 	/System/Library/Frameworks/MetalPerformanceShaders.framework/Versions/A/Frameworks/MPSCore.framework/Versions/A/MPSCore
0x000000001642f000 	/System/Library/Frameworks/MetalPerformanceShaders.framework/Versions/A/Frameworks/MPSImage.framework/Versions/A/MPSImage
0x000000001642f000 	/System/Library/Frameworks/MetalPerformanceShaders.framework/Versions/A/Frameworks/MPSNeuralNetwork.framework/Versions/A/MPSNeuralNetwork
0x000000001642f000 	/System/Library/Frameworks/MetalPerformanceShaders.framework/Versions/A/Frameworks/MPSMatrix.framework/Versions/A/MPSMatrix
0x000000001642f000 	/System/Library/Frameworks/MetalPerformanceShaders.framework/Versions/A/Frameworks/MPSRayIntersector.framework/Versions/A/MPSRayIntersector
0x000000001642f000 	/System/Library/Frameworks/MetalPerformanceShaders.framework/Versions/A/Frameworks/MPSNDArray.framework/Versions/A/MPSNDArray
0x000000001642f000 	/System/Library/Frameworks/MetalPerformanceShaders.framework/Versions/A/Frameworks/MPSFunctions.framework/Versions/A/MPSFunctions
0x000000001642f000 	/System/Library/PrivateFrameworks/MetalTools.framework/Versions/A/MetalTools
0x000000001642f000 	/System/Library/PrivateFrameworks/AggregateDictionary.framework/Versions/A/AggregateDictionary
0x000000001642f000 	/usr/lib/libIOReport.dylib
0x000000001642f000 	/System/Library/Frameworks/OpenCL.framework/Versions/A/OpenCL
0x000000001642f000 	/System/Library/PrivateFrameworks/FaceCore.framework/Versions/A/FaceCore
0x000000001642f000 	/System/Library/PrivateFrameworks/GraphVisualizer.framework/Versions/A/GraphVisualizer
0x000000001642f000 	/System/Library/PrivateFrameworks/FontServices.framework/Versions/A/FontServices
0x000000001642f000 	/System/Library/PrivateFrameworks/OTSVG.framework/Versions/A/OTSVG
0x000000001642f000 	/System/Library/Frameworks/ApplicationServices.framework/Versions/A/Frameworks/ATS.framework/Versions/A/Resources/libFontRegistry.dylib
0x000000001642f000 	/System/Library/PrivateFrameworks/FontServices.framework/libhvf.dylib
0x000000001642f000 	/System/Library/PrivateFrameworks/FontServices.framework/libXTFontStaticRegistryData.dylib
0x000000001642f000 	/System/Library/PrivateFrameworks/AppleVA.framework/Versions/A/AppleVA
0x000000001642f000 	/System/Library/Frameworks/ApplicationServices.framework/Versions/A/Frameworks/ATS.framework/Versions/A/ATS
0x000000001642f000 	/System/Library/Frameworks/ApplicationServices.framework/Versions/A/Frameworks/HIServices.framework/Versions/A/HIServices
0x000000001642f000 	/System/Library/Frameworks/ApplicationServices.framework/Versions/A/Frameworks/PrintCore.framework/Versions/A/PrintCore
0x000000001642f000 	/System/Library/Frameworks/ApplicationServices.framework/Versions/A/Frameworks/QD.framework/Versions/A/QD
0x000000001642f000 	/System/Library/Frameworks/ApplicationServices.framework/Versions/A/Frameworks/ColorSyncLegacy.framework/Versions/A/ColorSyncLegacy
0x000000001642f000 	/System/Library/Frameworks/ApplicationServices.framework/Versions/A/Frameworks/SpeechSynthesis.framework/Versions/A/SpeechSynthesis
0x000000001642f000 	/System/Library/Frameworks/ApplicationServices.framework/Versions/A/Frameworks/ATSUI.framework/Versions/A/ATSUI
0x000000001642f000 	/usr/lib/libcups.2.dylib
0x000000001642f000 	/System/Library/Frameworks/Kerberos.framework/Versions/A/Kerberos
0x000000001642f000 	/System/Library/Frameworks/GSS.framework/Versions/A/GSS
0x000000001642f000 	/usr/lib/libresolv.9.dylib
0x000000001642f000 	/System/Library/PrivateFrameworks/Heimdal.framework/Versions/A/Heimdal
0x000000001642f000 	/System/Library/Frameworks/Kerberos.framework/Versions/A/Libraries/libHeimdalProxy.dylib
0x000000001642f000 	/System/Library/Frameworks/Network.framework/Versions/A/Network
0x000000001642f000 	/usr/lib/libheimdal-asn1.dylib
0x000000001642f000 	/System/Library/PrivateFrameworks/CommonAuth.framework/Versions/A/CommonAuth
0x000000001642f000 	/System/Library/PrivateFrameworks/AudioSession.framework/Versions/A/AudioSession
0x000000001642f000 	/System/Library/PrivateFrameworks/MediaExperience.framework/Versions/A/MediaExperience
0x000000001642f000 	/System/Library/PrivateFrameworks/AudioSession.framework/libSessionUtility.dylib
0x000000001642f000 	/System/Library/PrivateFrameworks/AudioResourceArbitration.framework/Versions/A/AudioResourceArbitration
0x000000001642f000 	/System/Library/PrivateFrameworks/PowerLog.framework/Versions/A/PowerLog
0x000000001642f000 	/System/Library/PrivateFrameworks/IconFoundation.framework/Versions/A/IconFoundation
0x000000001642f000 	/System/Library/PrivateFrameworks/SpeechRecognitionCore.framework/Versions/A/SpeechRecognitionCore
0x000000001642f000 	/System/Library/CoreServices/Encodings/libSimplifiedChineseConverter.dylib
0x000000010b20e000 	/Library/Java/JavaVirtualMachines/jdk1.8.0_121.jdk/Contents/Home/jre/lib/server/libjvm.dylib
0x000000001642f000 	/usr/lib/libstdc++.6.dylib
0x000000010a2af000 	/Library/Java/JavaVirtualMachines/jdk1.8.0_121.jdk/Contents/Home/jre/lib/libverify.dylib
0x000000010a2f2000 	/Library/Java/JavaVirtualMachines/jdk1.8.0_121.jdk/Contents/Home/jre/lib/libjava.dylib
0x000000010a327000 	/Library/Java/JavaVirtualMachines/jdk1.8.0_121.jdk/Contents/Home/jre/lib/libinstrument.dylib
0x000000010a2c6000 	/Library/Java/JavaVirtualMachines/jdk1.8.0_121.jdk/Contents/Home/jre/lib/libzip.dylib
0x000000001642f000 	/System/Library/Frameworks/JavaRuntimeSupport.framework/Versions/A/JavaRuntimeSupport
0x000000001642f000 	/System/Library/Frameworks/Carbon.framework/Versions/A/Carbon
0x000000001642f000 	/System/Library/PrivateFrameworks/CoreSymbolication.framework/Versions/A/CoreSymbolication
0x000000001642f000 	/System/Library/Frameworks/Carbon.framework/Versions/A/Frameworks/CommonPanels.framework/Versions/A/CommonPanels
0x000000001642f000 	/System/Library/Frameworks/Carbon.framework/Versions/A/Frameworks/Help.framework/Versions/A/Help
0x000000001642f000 	/System/Library/Frameworks/Carbon.framework/Versions/A/Frameworks/ImageCapture.framework/Versions/A/ImageCapture
0x000000001642f000 	/System/Library/Frameworks/Carbon.framework/Versions/A/Frameworks/OpenScripting.framework/Versions/A/OpenScripting
0x000000001642f000 	/System/Library/Frameworks/Carbon.framework/Versions/A/Frameworks/Ink.framework/Versions/A/Ink
0x000000001642f000 	/System/Library/Frameworks/Carbon.framework/Versions/A/Frameworks/Print.framework/Versions/A/Print
0x000000001642f000 	/System/Library/Frameworks/Carbon.framework/Versions/A/Frameworks/SecurityHI.framework/Versions/A/SecurityHI
0x000000001642f000 	/System/Library/PrivateFrameworks/DebugSymbols.framework/Versions/A/DebugSymbols
0x000000010f510000 	/Library/Java/JavaVirtualMachines/jdk1.8.0_121.jdk/Contents/Home/jre/lib/libnet.dylib
0x0000000126a5c000 	/private/var/folders/l9/p0cgq_3j2xl465nkz8x1tf440000gn/T/nativelib-loader_1419784590283612747/libunicorn_java.dylib
0x000000010f551000 	/Library/Java/JavaVirtualMachines/jdk1.8.0_121.jdk/Contents/Home/jre/lib/libmanagement.dylib
0x000000010f68a000 	/Users/jiewang/Library/Caches/JNA/temp/jna363075331750102979.tmp
0x000000010f74c000 	/Library/Java/JavaVirtualMachines/jdk1.8.0_121.jdk/Contents/Home/jre/lib/libnio.dylib
0x00000001274dd000 	/Users/jiewang/Library/Caches/JNA/temp/jna5137269052022197683.tmp
0x000000010f587000 	/Library/Java/JavaVirtualMachines/jdk1.8.0_121.jdk/Contents/Home/jre/lib/libsunec.dylib

VM Arguments:
jvm_args: -javaagent:/Applications/IntelliJ IDEA.app/Contents/lib/idea_rt.jar=63338:/Applications/IntelliJ IDEA.app/Contents/bin -Dfile.encoding=UTF-8 
java_command: com.dy.LibCmsXLogAnalyse
java_class_path (initial): /Library/Java/JavaVirtualMachines/jdk1.8.0_121.jdk/Contents/Home/jre/lib/charsets.jar:/Library/Java/JavaVirtualMachines/jdk1.8.0_121.jdk/Contents/Home/jre/lib/deploy.jar:/Library/Java/JavaVirtualMachines/jdk1.8.0_121.jdk/Contents/Home/jre/lib/ext/cldrdata.jar:/Library/Java/JavaVirtualMachines/jdk1.8.0_121.jdk/Contents/Home/jre/lib/ext/dnsns.jar:/Library/Java/JavaVirtualMachines/jdk1.8.0_121.jdk/Contents/Home/jre/lib/ext/jaccess.jar:/Library/Java/JavaVirtualMachines/jdk1.8.0_121.jdk/Contents/Home/jre/lib/ext/jfxrt.jar:/Library/Java/JavaVirtualMachines/jdk1.8.0_121.jdk/Contents/Home/jre/lib/ext/localedata.jar:/Library/Java/JavaVirtualMachines/jdk1.8.0_121.jdk/Contents/Home/jre/lib/ext/nashorn.jar:/Library/Java/JavaVirtualMachines/jdk1.8.0_121.jdk/Contents/Home/jre/lib/ext/sunec.jar:/Library/Java/JavaVirtualMachines/jdk1.8.0_121.jdk/Contents/Home/jre/lib/ext/sunjce_provider.jar:/Library/Java/JavaVirtualMachines/jdk1.8.0_121.jdk/Contents/Home/jre/lib/ext/sunpkcs11.jar:/Library/Java/JavaVirtualMachines/jdk1.8.0_121.jdk/Contents/Home/jre/lib/ext/zipfs.jar:/Library/Java/JavaVirtualMachines/jdk1.8.0_121.jdk/Contents/Home/jre/lib/javaws.jar:/Library/Java/JavaVirtualMachines/jdk1.8.0_121.jdk/Contents/Home/jre/lib/jce.jar:/Library/Java/JavaVirtualMachines/jdk1.8.0_121.jdk/Contents/Home/jre/lib/jfr.jar:/Library/Java/JavaVirtualMachines/jdk1.8.0_121.jdk/Contents/Home/jre/lib/jfxswt.jar:/Library/Java/JavaVirtualMachines/jdk1.8.0_121.jdk/Contents/Home/jre/lib/jsse.jar:/Library/Java/JavaVirtualMachines/jdk1.8.0_121.jdk/Contents/Home/jre/lib/management-agent.jar:/Library/Java/JavaVirtualMachines/jdk1.8.0_121.jdk/Contents/Home/jre/lib/plugin.jar:/Library/Java/JavaVirtualMachines/jdk1.8.0_121.jdk/Contents/Home/jre/lib/resources.jar:/Library/Java/JavaVirtualMachines/jdk1.8.0_121.jdk/Contents/Home/jre/lib/rt.jar:/Library/Java/JavaVirtualMachines/jdk1.8.0_121.jdk/Contents/Home/lib/ant-javafx.jar:/Library/Java/JavaVirtualMachines/jdk1.8.0_121.jdk/Contents/Home
Launcher Type: SUN_STANDARD

Environment Variables:
JAVA_HOME=/Library/Java/JavaVirtualMachines/jdk1.8.0_121.jdk/Contents/Home
CLASSPATH=/Library/Java/JavaVirtualMachines/jdk1.8.0_121.jdk/Contents/Home/lib/tools.jar:/Library/Java/JavaVirtualMachines/jdk1.8.0_121.jdk/Contents/Home/lib/dt.jar:
PATH=/usr/local/anaconda3/bin:/usr/local/anaconda3/condabin:/usr/local/anaconda3/bin:.:/Applications/IntelliJ IDEA.app/Contents/plugins/maven/lib/maven3/bin:/usr/local/Cellar/python@3.9/3.9.7/bin:/usr/local/git/platformsbin:/Library/Frameworks/Python.framework/Versions/3.8/bin:/usr/local/bin:/usr/bin:/bin:/usr/sbin:/sbin:/Applications/VMware Fusion.app/Contents/Public:/Library/Frameworks/Mono.framework/Versions/Current/Commands:/usr/local/mysql/bin:/Users/jiewang/Library/Android/sdk/platform-tools:/Users/jiewang/Library/Android/sdk/tools:/Users/jiewang/Library/Android/sdk/build-tools/30.0.2:/Applications/Android Studio.app/Contents/gradle/gradle-6.6/bin:/Users/jiewang/Library/Android/sdk/ndk-bundle:/Library/Java/JavaVirtualMachines/jdk1.8.0_121.jdk/Contents/Home/bin
SHELL=/bin/zsh

Signal Handlers:
SIGSEGV: [libjvm.dylib+0x5b1141], sa_mask[0]=11111111011111110111111111111111, sa_flags=SA_ONSTACK|SA_RESTART|SA_SIGINFO
SIGBUS: [libjvm.dylib+0x5b1141], sa_mask[0]=11111111011111110111111111111111, sa_flags=SA_RESTART|SA_SIGINFO
SIGFPE: [libjvm.dylib+0x487bc4], sa_mask[0]=11111111011111110111111111111111, sa_flags=SA_RESTART|SA_SIGINFO
SIGPIPE: [libjvm.dylib+0x487bc4], sa_mask[0]=11111111011111110111111111111111, sa_flags=SA_RESTART|SA_SIGINFO
SIGXFSZ: [libjvm.dylib+0x487bc4], sa_mask[0]=11111111011111110111111111111111, sa_flags=SA_RESTART|SA_SIGINFO
SIGILL: [libjvm.dylib+0x487bc4], sa_mask[0]=11111111011111110111111111111111, sa_flags=SA_RESTART|SA_SIGINFO
SIGUSR1: SIG_DFL, sa_mask[0]=00000000000000000000000000000000, sa_flags=none
SIGUSR2: [libjvm.dylib+0x4876e2], sa_mask[0]=00100000000000000000000000000000, sa_flags=SA_RESTART|SA_SIGINFO
SIGHUP: [libjvm.dylib+0x485cb9], sa_mask[0]=11111111011111110111111111111111, sa_flags=SA_RESTART|SA_SIGINFO
SIGINT: [libjvm.dylib+0x485cb9], sa_mask[0]=11111111011111110111111111111111, sa_flags=SA_RESTART|SA_SIGINFO
SIGTERM: [libjvm.dylib+0x485cb9], sa_mask[0]=11111111011111110111111111111111, sa_flags=SA_RESTART|SA_SIGINFO
SIGQUIT: [libjvm.dylib+0x485cb9], sa_mask[0]=11111111011111110111111111111111, sa_flags=SA_RESTART|SA_SIGINFO


---------------  S Y S T E M  ---------------

OS:Bsduname:Darwin 21.3.0 Darwin Kernel Version 21.3.0: Wed Jan  5 21:37:58 PST 2022; root:xnu-8019.80.24~20/RELEASE_X86_64 x86_64
rlimit: STACK 8192k, CORE 0k, NPROC 2784, NOFILE 10240, AS infinity
load average:3.46 3.17 3.01

CPU:total 12 (6 cores per cpu, 2 threads per core) family 6 model 158 stepping 10, cmov, cx8, fxsr, mmx, sse, sse2, sse3, ssse3, sse4.1, sse4.2, popcnt, avx, avx2, aes, clmul, erms, rtm, 3dnowpref, lzcnt, ht, tsc, tscinvbit, bmi1, bmi2, adx

Memory: 4k page, physical 16777216k(2112108k free)

/proc/meminfo:


vm_info: Java HotSpot(TM) 64-Bit Server VM (25.121-b13) for bsd-amd64 JRE (1.8.0_121-b13), built on Dec 12 2016 20:39:32 by "java_re" with gcc 4.2.1 (Based on Apple Inc. build 5658) (LLVM build 2336.11.00)

time: Fri Apr 29 17:26:51 2022
elapsed time: 4 seconds (0d 0h 0m 4s)

